0 verbose cli /home/joaoandredemedeirosarnaud/repos/advanced-crm-api/.local/node-v20.17.0-linux-x64/bin/node /home/joaoandredemedeirosarnaud/repos/advanced-crm-api/.local/node-v20.17.0-linux-x64/bin/npm
1 info using npm@10.8.2
2 info using node@v20.17.0
3 silly config load:file:/home/joaoandredemedeirosarnaud/repos/advanced-crm-api/.local/node-v20.17.0-linux-x64/lib/node_modules/npm/npmrc
4 silly config load:file:/home/joaoandredemedeirosarnaud/repos/advanced-crm-api/.npmrc
5 silly config load:file:/home/joaoandredemedeirosarnaud/.npmrc
6 silly config load:file:/home/joaoandredemedeirosarnaud/repos/advanced-crm-api/.local/node-v20.17.0-linux-x64/etc/npmrc
7 verbose title npm install
8 verbose argv "install"
9 verbose logfile logs-max:10 dir:/home/joaoandredemedeirosarnaud/repos/advanced-crm-api/.npm-cache/_logs/2025-10-17T13_28_38_675Z-
10 verbose logfile /home/joaoandredemedeirosarnaud/repos/advanced-crm-api/.npm-cache/_logs/2025-10-17T13_28_38_675Z-debug-0.log
11 silly packumentCache heap:2197815296 maxSize:549453824 maxEntrySize:274726912
12 silly logfile done cleaning log files
13 silly idealTree buildDeps
14 silly reify mark retired [
14 silly reify   '/home/joaoandredemedeirosarnaud/repos/advanced-crm-api/node_modules/fsevents'
14 silly reify ]
15 silly reify mark retired [
15 silly reify   '/home/joaoandredemedeirosarnaud/repos/advanced-crm-api/node_modules/@esbuild/aix-ppc64'
15 silly reify ]
16 silly reify mark retired [
16 silly reify   '/home/joaoandredemedeirosarnaud/repos/advanced-crm-api/node_modules/@esbuild/android-arm'
16 silly reify ]
17 silly reify mark retired [
17 silly reify   '/home/joaoandredemedeirosarnaud/repos/advanced-crm-api/node_modules/@esbuild/android-x64'
17 silly reify ]
18 silly reify mark retired [
18 silly reify   '/home/joaoandredemedeirosarnaud/repos/advanced-crm-api/node_modules/@esbuild/android-arm64'
18 silly reify ]
19 silly reify mark retired [
19 silly reify   '/home/joaoandredemedeirosarnaud/repos/advanced-crm-api/node_modules/@esbuild/darwin-arm64'
19 silly reify ]
20 silly reify mark retired [
20 silly reify   '/home/joaoandredemedeirosarnaud/repos/advanced-crm-api/node_modules/@esbuild/darwin-x64'
20 silly reify ]
21 silly reify mark retired [
21 silly reify   '/home/joaoandredemedeirosarnaud/repos/advanced-crm-api/node_modules/@esbuild/freebsd-x64'
21 silly reify ]
22 silly reify mark retired [
22 silly reify   '/home/joaoandredemedeirosarnaud/repos/advanced-crm-api/node_modules/@esbuild/freebsd-arm64'
22 silly reify ]
23 silly reify mark retired [
23 silly reify   '/home/joaoandredemedeirosarnaud/repos/advanced-crm-api/node_modules/@esbuild/linux-arm'
23 silly reify ]
24 silly reify mark retired [
24 silly reify   '/home/joaoandredemedeirosarnaud/repos/advanced-crm-api/node_modules/@esbuild/linux-ia32'
24 silly reify ]
25 silly reify mark retired [
25 silly reify   '/home/joaoandredemedeirosarnaud/repos/advanced-crm-api/node_modules/@esbuild/linux-arm64'
25 silly reify ]
26 silly reify mark retired [
26 silly reify   '/home/joaoandredemedeirosarnaud/repos/advanced-crm-api/node_modules/@esbuild/linux-loong64'
26 silly reify ]
27 silly reify mark retired [
27 silly reify   '/home/joaoandredemedeirosarnaud/repos/advanced-crm-api/node_modules/@esbuild/linux-ppc64'
27 silly reify ]
28 silly reify mark retired [
28 silly reify   '/home/joaoandredemedeirosarnaud/repos/advanced-crm-api/node_modules/@esbuild/linux-riscv64'
28 silly reify ]
29 silly reify mark retired [
29 silly reify   '/home/joaoandredemedeirosarnaud/repos/advanced-crm-api/node_modules/@esbuild/linux-x64'
29 silly reify ]
30 silly reify mark retired [
30 silly reify   '/home/joaoandredemedeirosarnaud/repos/advanced-crm-api/node_modules/@esbuild/linux-mips64el'
30 silly reify ]
31 silly reify mark retired [
31 silly reify   '/home/joaoandredemedeirosarnaud/repos/advanced-crm-api/node_modules/@esbuild/linux-s390x'
31 silly reify ]
32 silly reify mark retired [
32 silly reify   '/home/joaoandredemedeirosarnaud/repos/advanced-crm-api/node_modules/@esbuild/netbsd-arm64'
32 silly reify ]
33 silly reify mark retired [
33 silly reify   '/home/joaoandredemedeirosarnaud/repos/advanced-crm-api/node_modules/@esbuild/openbsd-arm64'
33 silly reify ]
34 silly reify mark retired [
34 silly reify   '/home/joaoandredemedeirosarnaud/repos/advanced-crm-api/node_modules/@esbuild/netbsd-x64'
34 silly reify ]
35 silly reify mark retired [
35 silly reify   '/home/joaoandredemedeirosarnaud/repos/advanced-crm-api/node_modules/@esbuild/openbsd-x64'
35 silly reify ]
36 silly reify mark retired [
36 silly reify   '/home/joaoandredemedeirosarnaud/repos/advanced-crm-api/node_modules/@esbuild/openharmony-arm64'
36 silly reify ]
37 silly reify mark retired [
37 silly reify   '/home/joaoandredemedeirosarnaud/repos/advanced-crm-api/node_modules/@esbuild/sunos-x64'
37 silly reify ]
38 silly reify mark retired [
38 silly reify   '/home/joaoandredemedeirosarnaud/repos/advanced-crm-api/node_modules/@esbuild/win32-arm64'
38 silly reify ]
39 silly reify mark retired [
39 silly reify   '/home/joaoandredemedeirosarnaud/repos/advanced-crm-api/node_modules/@esbuild/win32-ia32'
39 silly reify ]
40 silly reify mark retired [
40 silly reify   '/home/joaoandredemedeirosarnaud/repos/advanced-crm-api/node_modules/@esbuild/win32-x64'
40 silly reify ]
41 silly reify mark retired [
41 silly reify   '/home/joaoandredemedeirosarnaud/repos/advanced-crm-api/node_modules/@prisma/client'
41 silly reify ]
42 silly reify mark retired [
42 silly reify   '/home/joaoandredemedeirosarnaud/repos/advanced-crm-api/node_modules/acorn',
42 silly reify   '/home/joaoandredemedeirosarnaud/repos/advanced-crm-api/node_modules/.bin/acorn'
42 silly reify ]
43 silly reify mark retired [
43 silly reify   '/home/joaoandredemedeirosarnaud/repos/advanced-crm-api/node_modules/cross-env',
43 silly reify   '/home/joaoandredemedeirosarnaud/repos/advanced-crm-api/node_modules/.bin/cross-env',
43 silly reify   '/home/joaoandredemedeirosarnaud/repos/advanced-crm-api/node_modules/.bin/cross-env-shell'
43 silly reify ]
44 silly reify mark retired [
44 silly reify   '/home/joaoandredemedeirosarnaud/repos/advanced-crm-api/node_modules/esbuild',
44 silly reify   '/home/joaoandredemedeirosarnaud/repos/advanced-crm-api/node_modules/.bin/esbuild'
44 silly reify ]
45 silly reify mark retired [
45 silly reify   '/home/joaoandredemedeirosarnaud/repos/advanced-crm-api/node_modules/giget',
45 silly reify   '/home/joaoandredemedeirosarnaud/repos/advanced-crm-api/node_modules/.bin/giget'
45 silly reify ]
46 silly reify mark retired [
46 silly reify   '/home/joaoandredemedeirosarnaud/repos/advanced-crm-api/node_modules/jiti',
46 silly reify   '/home/joaoandredemedeirosarnaud/repos/advanced-crm-api/node_modules/.bin/jiti'
46 silly reify ]
47 silly reify mark retired [
47 silly reify   '/home/joaoandredemedeirosarnaud/repos/advanced-crm-api/node_modules/js-yaml',
47 silly reify   '/home/joaoandredemedeirosarnaud/repos/advanced-crm-api/node_modules/.bin/js-yaml'
47 silly reify ]
48 silly reify mark retired [
48 silly reify   '/home/joaoandredemedeirosarnaud/repos/advanced-crm-api/node_modules/node-gyp-build',
48 silly reify   '/home/joaoandredemedeirosarnaud/repos/advanced-crm-api/node_modules/.bin/node-gyp-build',
48 silly reify   '/home/joaoandredemedeirosarnaud/repos/advanced-crm-api/node_modules/.bin/node-gyp-build-optional',
48 silly reify   '/home/joaoandredemedeirosarnaud/repos/advanced-crm-api/node_modules/.bin/node-gyp-build-test'
48 silly reify ]
49 silly reify mark retired [
49 silly reify   '/home/joaoandredemedeirosarnaud/repos/advanced-crm-api/node_modules/nodemon',
49 silly reify   '/home/joaoandredemedeirosarnaud/repos/advanced-crm-api/node_modules/.bin/nodemon'
49 silly reify ]
50 silly reify mark retired [
50 silly reify   '/home/joaoandredemedeirosarnaud/repos/advanced-crm-api/node_modules/nypm',
50 silly reify   '/home/joaoandredemedeirosarnaud/repos/advanced-crm-api/node_modules/.bin/nypm'
50 silly reify ]
51 silly reify mark retired [
51 silly reify   '/home/joaoandredemedeirosarnaud/repos/advanced-crm-api/node_modules/prisma',
51 silly reify   '/home/joaoandredemedeirosarnaud/repos/advanced-crm-api/node_modules/.bin/prisma'
51 silly reify ]
52 silly reify mark retired [
52 silly reify   '/home/joaoandredemedeirosarnaud/repos/advanced-crm-api/node_modules/semver',
52 silly reify   '/home/joaoandredemedeirosarnaud/repos/advanced-crm-api/node_modules/.bin/semver'
52 silly reify ]
53 silly reify mark retired [
53 silly reify   '/home/joaoandredemedeirosarnaud/repos/advanced-crm-api/node_modules/swagger-jsdoc',
53 silly reify   '/home/joaoandredemedeirosarnaud/repos/advanced-crm-api/node_modules/.bin/swagger-jsdoc'
53 silly reify ]
54 silly reify mark retired [
54 silly reify   '/home/joaoandredemedeirosarnaud/repos/advanced-crm-api/node_modules/touch',
54 silly reify   '/home/joaoandredemedeirosarnaud/repos/advanced-crm-api/node_modules/.bin/nodetouch'
54 silly reify ]
55 silly reify mark retired [
55 silly reify   '/home/joaoandredemedeirosarnaud/repos/advanced-crm-api/node_modules/ts-node',
55 silly reify   '/home/joaoandredemedeirosarnaud/repos/advanced-crm-api/node_modules/.bin/ts-node',
55 silly reify   '/home/joaoandredemedeirosarnaud/repos/advanced-crm-api/node_modules/.bin/ts-node-cwd',
55 silly reify   '/home/joaoandredemedeirosarnaud/repos/advanced-crm-api/node_modules/.bin/ts-node-esm',
55 silly reify   '/home/joaoandredemedeirosarnaud/repos/advanced-crm-api/node_modules/.bin/ts-node-script',
55 silly reify   '/home/joaoandredemedeirosarnaud/repos/advanced-crm-api/node_modules/.bin/ts-node-transpile-only',
55 silly reify   '/home/joaoandredemedeirosarnaud/repos/advanced-crm-api/node_modules/.bin/ts-script'
55 silly reify ]
56 silly reify mark retired [
56 silly reify   '/home/joaoandredemedeirosarnaud/repos/advanced-crm-api/node_modules/tsx',
56 silly reify   '/home/joaoandredemedeirosarnaud/repos/advanced-crm-api/node_modules/.bin/tsx'
56 silly reify ]
57 silly reify mark retired [
57 silly reify   '/home/joaoandredemedeirosarnaud/repos/advanced-crm-api/node_modules/typescript',
57 silly reify   '/home/joaoandredemedeirosarnaud/repos/advanced-crm-api/node_modules/.bin/tsc',
57 silly reify   '/home/joaoandredemedeirosarnaud/repos/advanced-crm-api/node_modules/.bin/tsserver'
57 silly reify ]
58 silly reify mark retired [
58 silly reify   '/home/joaoandredemedeirosarnaud/repos/advanced-crm-api/node_modules/which',
58 silly reify   '/home/joaoandredemedeirosarnaud/repos/advanced-crm-api/node_modules/.bin/node-which'
58 silly reify ]
59 silly reify mark retired [
59 silly reify   '/home/joaoandredemedeirosarnaud/repos/advanced-crm-api/node_modules/z-schema',
59 silly reify   '/home/joaoandredemedeirosarnaud/repos/advanced-crm-api/node_modules/.bin/z-schema'
59 silly reify ]
60 silly reify moves {
60 silly reify   '/home/joaoandredemedeirosarnaud/repos/advanced-crm-api/node_modules/fsevents': '/home/joaoandredemedeirosarnaud/repos/advanced-crm-api/node_modules/.fsevents-4krS4aZK',
60 silly reify   '/home/joaoandredemedeirosarnaud/repos/advanced-crm-api/node_modules/@esbuild/aix-ppc64': '/home/joaoandredemedeirosarnaud/repos/advanced-crm-api/node_modules/@esbuild/.aix-ppc64-2WXIRcwc',
60 silly reify   '/home/joaoandredemedeirosarnaud/repos/advanced-crm-api/node_modules/@esbuild/android-arm': '/home/joaoandredemedeirosarnaud/repos/advanced-crm-api/node_modules/@esbuild/.android-arm-BoXPuVoH',
60 silly reify   '/home/joaoandredemedeirosarnaud/repos/advanced-crm-api/node_modules/@esbuild/android-x64': '/home/joaoandredemedeirosarnaud/repos/advanced-crm-api/node_modules/@esbuild/.android-x64-HHCCo0WI',
60 silly reify   '/home/joaoandredemedeirosarnaud/repos/advanced-crm-api/node_modules/@esbuild/android-arm64': '/home/joaoandredemedeirosarnaud/repos/advanced-crm-api/node_modules/@esbuild/.android-arm64-5yfaslqv',
60 silly reify   '/home/joaoandredemedeirosarnaud/repos/advanced-crm-api/node_modules/@esbuild/darwin-arm64': '/home/joaoandredemedeirosarnaud/repos/advanced-crm-api/node_modules/@esbuild/.darwin-arm64-I1z3ZRyP',
60 silly reify   '/home/joaoandredemedeirosarnaud/repos/advanced-crm-api/node_modules/@esbuild/darwin-x64': '/home/joaoandredemedeirosarnaud/repos/advanced-crm-api/node_modules/@esbuild/.darwin-x64-7MbG2xkK',
60 silly reify   '/home/joaoandredemedeirosarnaud/repos/advanced-crm-api/node_modules/@esbuild/freebsd-x64': '/home/joaoandredemedeirosarnaud/repos/advanced-crm-api/node_modules/@esbuild/.freebsd-x64-IUbXT4Xg',
60 silly reify   '/home/joaoandredemedeirosarnaud/repos/advanced-crm-api/node_modules/@esbuild/freebsd-arm64': '/home/joaoandredemedeirosarnaud/repos/advanced-crm-api/node_modules/@esbuild/.freebsd-arm64-TWRC3ixI',
60 silly reify   '/home/joaoandredemedeirosarnaud/repos/advanced-crm-api/node_modules/@esbuild/linux-arm': '/home/joaoandredemedeirosarnaud/repos/advanced-crm-api/node_modules/@esbuild/.linux-arm-I5p2jLAY',
60 silly reify   '/home/joaoandredemedeirosarnaud/repos/advanced-crm-api/node_modules/@esbuild/linux-ia32': '/home/joaoandredemedeirosarnaud/repos/advanced-crm-api/node_modules/@esbuild/.linux-ia32-o8cDyaxl',
60 silly reify   '/home/joaoandredemedeirosarnaud/repos/advanced-crm-api/node_modules/@esbuild/linux-arm64': '/home/joaoandredemedeirosarnaud/repos/advanced-crm-api/node_modules/@esbuild/.linux-arm64-ChJ5iOnS',
60 silly reify   '/home/joaoandredemedeirosarnaud/repos/advanced-crm-api/node_modules/@esbuild/linux-loong64': '/home/joaoandredemedeirosarnaud/repos/advanced-crm-api/node_modules/@esbuild/.linux-loong64-PBuY1kmY',
60 silly reify   '/home/joaoandredemedeirosarnaud/repos/advanced-crm-api/node_modules/@esbuild/linux-ppc64': '/home/joaoandredemedeirosarnaud/repos/advanced-crm-api/node_modules/@esbuild/.linux-ppc64-BiLg3WuV',
60 silly reify   '/home/joaoandredemedeirosarnaud/repos/advanced-crm-api/node_modules/@esbuild/linux-riscv64': '/home/joaoandredemedeirosarnaud/repos/advanced-crm-api/node_modules/@esbuild/.linux-riscv64-OVVepTDN',
60 silly reify   '/home/joaoandredemedeirosarnaud/repos/advanced-crm-api/node_modules/@esbuild/linux-x64': '/home/joaoandredemedeirosarnaud/repos/advanced-crm-api/node_modules/@esbuild/.linux-x64-QXzjjAFA',
60 silly reify   '/home/joaoandredemedeirosarnaud/repos/advanced-crm-api/node_modules/@esbuild/linux-mips64el': '/home/joaoandredemedeirosarnaud/repos/advanced-crm-api/node_modules/@esbuild/.linux-mips64el-u3BBJx72',
60 silly reify   '/home/joaoandredemedeirosarnaud/repos/advanced-crm-api/node_modules/@esbuild/linux-s390x': '/home/joaoandredemedeirosarnaud/repos/advanced-crm-api/node_modules/@esbuild/.linux-s390x-Ot6UE4cF',
60 silly reify   '/home/joaoandredemedeirosarnaud/repos/advanced-crm-api/node_modules/@esbuild/netbsd-arm64': '/home/joaoandredemedeirosarnaud/repos/advanced-crm-api/node_modules/@esbuild/.netbsd-arm64-FfYJIUvr',
60 silly reify   '/home/joaoandredemedeirosarnaud/repos/advanced-crm-api/node_modules/@esbuild/openbsd-arm64': '/home/joaoandredemedeirosarnaud/repos/advanced-crm-api/node_modules/@esbuild/.openbsd-arm64-Hd7mjlVu',
60 silly reify   '/home/joaoandredemedeirosarnaud/repos/advanced-crm-api/node_modules/@esbuild/netbsd-x64': '/home/joaoandredemedeirosarnaud/repos/advanced-crm-api/node_modules/@esbuild/.netbsd-x64-FfRu1mI2',
60 silly reify   '/home/joaoandredemedeirosarnaud/repos/advanced-crm-api/node_modules/@esbuild/openbsd-x64': '/home/joaoandredemedeirosarnaud/repos/advanced-crm-api/node_modules/@esbuild/.openbsd-x64-pNJbrvOj',
60 silly reify   '/home/joaoandredemedeirosarnaud/repos/advanced-crm-api/node_modules/@esbuild/openharmony-arm64': '/home/joaoandredemedeirosarnaud/repos/advanced-crm-api/node_modules/@esbuild/.openharmony-arm64-rZ4p9jP9',
60 silly reify   '/home/joaoandredemedeirosarnaud/repos/advanced-crm-api/node_modules/@esbuild/sunos-x64': '/home/joaoandredemedeirosarnaud/repos/advanced-crm-api/node_modules/@esbuild/.sunos-x64-39oCHLse',
60 silly reify   '/home/joaoandredemedeirosarnaud/repos/advanced-crm-api/node_modules/@esbuild/win32-arm64': '/home/joaoandredemedeirosarnaud/repos/advanced-crm-api/node_modules/@esbuild/.win32-arm64-5bUKhowY',
60 silly reify   '/home/joaoandredemedeirosarnaud/repos/advanced-crm-api/node_modules/@esbuild/win32-ia32': '/home/joaoandredemedeirosarnaud/repos/advanced-crm-api/node_modules/@esbuild/.win32-ia32-LXhd0NBk',
60 silly reify   '/home/joaoandredemedeirosarnaud/repos/advanced-crm-api/node_modules/@esbuild/win32-x64': '/home/joaoandredemedeirosarnaud/repos/advanced-crm-api/node_modules/@esbuild/.win32-x64-Cq4uhD7c',
60 silly reify   '/home/joaoandredemedeirosarnaud/repos/advanced-crm-api/node_modules/@prisma/client': '/home/joaoandredemedeirosarnaud/repos/advanced-crm-api/node_modules/@prisma/.client-my56dBUp',
60 silly reify   '/home/joaoandredemedeirosarnaud/repos/advanced-crm-api/node_modules/acorn': '/home/joaoandredemedeirosarnaud/repos/advanced-crm-api/node_modules/.acorn-bzuCq6ui',
60 silly reify   '/home/joaoandredemedeirosarnaud/repos/advanced-crm-api/node_modules/.bin/acorn': '/home/joaoandredemedeirosarnaud/repos/advanced-crm-api/node_modules/.bin/.acorn-ug9cPQpd',
60 silly reify   '/home/joaoandredemedeirosarnaud/repos/advanced-crm-api/node_modules/cross-env': '/home/joaoandredemedeirosarnaud/repos/advanced-crm-api/node_modules/.cross-env-Mm9J3RMG',
60 silly reify   '/home/joaoandredemedeirosarnaud/repos/advanced-crm-api/node_modules/.bin/cross-env': '/home/joaoandredemedeirosarnaud/repos/advanced-crm-api/node_modules/.bin/.cross-env-BaGETfju',
60 silly reify   '/home/joaoandredemedeirosarnaud/repos/advanced-crm-api/node_modules/.bin/cross-env-shell': '/home/joaoandredemedeirosarnaud/repos/advanced-crm-api/node_modules/.bin/.cross-env-shell-RiJbWLaY',
60 silly reify   '/home/joaoandredemedeirosarnaud/repos/advanced-crm-api/node_modules/esbuild': '/home/joaoandredemedeirosarnaud/repos/advanced-crm-api/node_modules/.esbuild-mn28GKhc',
60 silly reify   '/home/joaoandredemedeirosarnaud/repos/advanced-crm-api/node_modules/.bin/esbuild': '/home/joaoandredemedeirosarnaud/repos/advanced-crm-api/node_modules/.bin/.esbuild-J7alqHWs',
60 silly reify   '/home/joaoandredemedeirosarnaud/repos/advanced-crm-api/node_modules/giget': '/home/joaoandredemedeirosarnaud/repos/advanced-crm-api/node_modules/.giget-OvPIoiaw',
60 silly reify   '/home/joaoandredemedeirosarnaud/repos/advanced-crm-api/node_modules/.bin/giget': '/home/joaoandredemedeirosarnaud/repos/advanced-crm-api/node_modules/.bin/.giget-3X4sjAgR',
60 silly reify   '/home/joaoandredemedeirosarnaud/repos/advanced-crm-api/node_modules/jiti': '/home/joaoandredemedeirosarnaud/repos/advanced-crm-api/node_modules/.jiti-RpgWjZQ3',
60 silly reify   '/home/joaoandredemedeirosarnaud/repos/advanced-crm-api/node_modules/.bin/jiti': '/home/joaoandredemedeirosarnaud/repos/advanced-crm-api/node_modules/.bin/.jiti-GMARbjgb',
60 silly reify   '/home/joaoandredemedeirosarnaud/repos/advanced-crm-api/node_modules/js-yaml': '/home/joaoandredemedeirosarnaud/repos/advanced-crm-api/node_modules/.js-yaml-pIsLi0pu',
60 silly reify   '/home/joaoandredemedeirosarnaud/repos/advanced-crm-api/node_modules/.bin/js-yaml': '/home/joaoandredemedeirosarnaud/repos/advanced-crm-api/node_modules/.bin/.js-yaml-qQ9C701N',
60 silly reify   '/home/joaoandredemedeirosarnaud/repos/advanced-crm-api/node_modules/node-gyp-build': '/home/joaoandredemedeirosarnaud/repos/advanced-crm-api/node_modules/.node-gyp-build-0IfUGzfG',
60 silly reify   '/home/joaoandredemedeirosarnaud/repos/advanced-crm-api/node_modules/.bin/node-gyp-build': '/home/joaoandredemedeirosarnaud/repos/advanced-crm-api/node_modules/.bin/.node-gyp-build-CXm36Kb4',
60 silly reify   '/home/joaoandredemedeirosarnaud/repos/advanced-crm-api/node_modules/.bin/node-gyp-build-optional': '/home/joaoandredemedeirosarnaud/repos/advanced-crm-api/node_modules/.bin/.node-gyp-build-optional-JuTojwri',
60 silly reify   '/home/joaoandredemedeirosarnaud/repos/advanced-crm-api/node_modules/.bin/node-gyp-build-test': '/home/joaoandredemedeirosarnaud/repos/advanced-crm-api/node_modules/.bin/.node-gyp-build-test-TUUw2wDL',
60 silly reify   '/home/joaoandredemedeirosarnaud/repos/advanced-crm-api/node_modules/nodemon': '/home/joaoandredemedeirosarnaud/repos/advanced-crm-api/node_modules/.nodemon-8oICJ3fr',
60 silly reify   '/home/joaoandredemedeirosarnaud/repos/advanced-crm-api/node_modules/.bin/nodemon': '/home/joaoandredemedeirosarnaud/repos/advanced-crm-api/node_modules/.bin/.nodemon-gVaLU7lN',
60 silly reify   '/home/joaoandredemedeirosarnaud/repos/advanced-crm-api/node_modules/nypm': '/home/joaoandredemedeirosarnaud/repos/advanced-crm-api/node_modules/.nypm-IZI1Ja5l',
60 silly reify   '/home/joaoandredemedeirosarnaud/repos/advanced-crm-api/node_modules/.bin/nypm': '/home/joaoandredemedeirosarnaud/repos/advanced-crm-api/node_modules/.bin/.nypm-R8Ql7mMq',
60 silly reify   '/home/joaoandredemedeirosarnaud/repos/advanced-crm-api/node_modules/prisma': '/home/joaoandredemedeirosarnaud/repos/advanced-crm-api/node_modules/.prisma-7AFwBbbq',
60 silly reify   '/home/joaoandredemedeirosarnaud/repos/advanced-crm-api/node_modules/.bin/prisma': '/home/joaoandredemedeirosarnaud/repos/advanced-crm-api/node_modules/.bin/.prisma-vLR7V84L',
60 silly reify   '/home/joaoandredemedeirosarnaud/repos/advanced-crm-api/node_modules/semver': '/home/joaoandredemedeirosarnaud/repos/advanced-crm-api/node_modules/.semver-buWWdBwn',
60 silly reify   '/home/joaoandredemedeirosarnaud/repos/advanced-crm-api/node_modules/.bin/semver': '/home/joaoandredemedeirosarnaud/repos/advanced-crm-api/node_modules/.bin/.semver-K3cljGcp',
60 silly reify   '/home/joaoandredemedeirosarnaud/repos/advanced-crm-api/node_modules/swagger-jsdoc': '/home/joaoandredemedeirosarnaud/repos/advanced-crm-api/node_modules/.swagger-jsdoc-aMi6ILS1',
60 silly reify   '/home/joaoandredemedeirosarnaud/repos/advanced-crm-api/node_modules/.bin/swagger-jsdoc': '/home/joaoandredemedeirosarnaud/repos/advanced-crm-api/node_modules/.bin/.swagger-jsdoc-NdTPN3kq',
60 silly reify   '/home/joaoandredemedeirosarnaud/repos/advanced-crm-api/node_modules/touch': '/home/joaoandredemedeirosarnaud/repos/advanced-crm-api/node_modules/.touch-qaf2ua6I',
60 silly reify   '/home/joaoandredemedeirosarnaud/repos/advanced-crm-api/node_modules/.bin/nodetouch': '/home/joaoandredemedeirosarnaud/repos/advanced-crm-api/node_modules/.bin/.nodetouch-zVN6GHOV',
60 silly reify   '/home/joaoandredemedeirosarnaud/repos/advanced-crm-api/node_modules/ts-node': '/home/joaoandredemedeirosarnaud/repos/advanced-crm-api/node_modules/.ts-node-JaRv3xD1',
60 silly reify   '/home/joaoandredemedeirosarnaud/repos/advanced-crm-api/node_modules/.bin/ts-node': '/home/joaoandredemedeirosarnaud/repos/advanced-crm-api/node_modules/.bin/.ts-node-nbIzz1ZS',
60 silly reify   '/home/joaoandredemedeirosarnaud/repos/advanced-crm-api/node_modules/.bin/ts-node-cwd': '/home/joaoandredemedeirosarnaud/repos/advanced-crm-api/node_modules/.bin/.ts-node-cwd-CQ5zeyVh',
60 silly reify   '/home/joaoandredemedeirosarnaud/repos/advanced-crm-api/node_modules/.bin/ts-node-esm': '/home/joaoandredemedeirosarnaud/repos/advanced-crm-api/node_modules/.bin/.ts-node-esm-F2kth27S',
60 silly reify   '/home/joaoandredemedeirosarnaud/repos/advanced-crm-api/node_modules/.bin/ts-node-script': '/home/joaoandredemedeirosarnaud/repos/advanced-crm-api/node_modules/.bin/.ts-node-script-SpxUPVTy',
60 silly reify   '/home/joaoandredemedeirosarnaud/repos/advanced-crm-api/node_modules/.bin/ts-node-transpile-only': '/home/joaoandredemedeirosarnaud/repos/advanced-crm-api/node_modules/.bin/.ts-node-transpile-only-7cnEGLc4',
60 silly reify   '/home/joaoandredemedeirosarnaud/repos/advanced-crm-api/node_modules/.bin/ts-script': '/home/joaoandredemedeirosarnaud/repos/advanced-crm-api/node_modules/.bin/.ts-script-NmvmiHjU',
60 silly reify   '/home/joaoandredemedeirosarnaud/repos/advanced-crm-api/node_modules/tsx': '/home/joaoandredemedeirosarnaud/repos/advanced-crm-api/node_modules/.tsx-uqp1Awlf',
60 silly reify   '/home/joaoandredemedeirosarnaud/repos/advanced-crm-api/node_modules/.bin/tsx': '/home/joaoandredemedeirosarnaud/repos/advanced-crm-api/node_modules/.bin/.tsx-syBS10PZ',
60 silly reify   '/home/joaoandredemedeirosarnaud/repos/advanced-crm-api/node_modules/typescript': '/home/joaoandredemedeirosarnaud/repos/advanced-crm-api/node_modules/.typescript-hElBE3rF',
60 silly reify   '/home/joaoandredemedeirosarnaud/repos/advanced-crm-api/node_modules/.bin/tsc': '/home/joaoandredemedeirosarnaud/repos/advanced-crm-api/node_modules/.bin/.tsc-OiZHhDYj',
60 silly reify   '/home/joaoandredemedeirosarnaud/repos/advanced-crm-api/node_modules/.bin/tsserver': '/home/joaoandredemedeirosarnaud/repos/advanced-crm-api/node_modules/.bin/.tsserver-6j8YcOUG',
60 silly reify   '/home/joaoandredemedeirosarnaud/repos/advanced-crm-api/node_modules/which': '/home/joaoandredemedeirosarnaud/repos/advanced-crm-api/node_modules/.which-ScqPdA16',
60 silly reify   '/home/joaoandredemedeirosarnaud/repos/advanced-crm-api/node_modules/.bin/node-which': '/home/joaoandredemedeirosarnaud/repos/advanced-crm-api/node_modules/.bin/.node-which-oplcbkNq',
60 silly reify   '/home/joaoandredemedeirosarnaud/repos/advanced-crm-api/node_modules/z-schema': '/home/joaoandredemedeirosarnaud/repos/advanced-crm-api/node_modules/.z-schema-ETmUUDCC',
60 silly reify   '/home/joaoandredemedeirosarnaud/repos/advanced-crm-api/node_modules/.bin/z-schema': '/home/joaoandredemedeirosarnaud/repos/advanced-crm-api/node_modules/.bin/.z-schema-Ft1Lr98o'
60 silly reify }
61 silly audit bulk request {
61 silly audit   '@apidevtools/json-schema-ref-parser': [ '9.1.2' ],
61 silly audit   '@apidevtools/openapi-schemas': [ '2.1.0' ],
61 silly audit   '@apidevtools/swagger-methods': [ '3.0.2' ],
61 silly audit   '@apidevtools/swagger-parser': [ '10.0.3' ],
61 silly audit   '@cspotcode/source-map-support': [ '0.8.1' ],
61 silly audit   '@epic-web/invariant': [ '1.0.0' ],
61 silly audit   '@esbuild/aix-ppc64': [ '0.25.10' ],
61 silly audit   '@esbuild/android-arm': [ '0.25.10' ],
61 silly audit   '@esbuild/android-arm64': [ '0.25.10' ],
61 silly audit   '@esbuild/android-x64': [ '0.25.10' ],
61 silly audit   '@esbuild/darwin-arm64': [ '0.25.10' ],
61 silly audit   '@esbuild/darwin-x64': [ '0.25.10' ],
61 silly audit   '@esbuild/freebsd-arm64': [ '0.25.10' ],
61 silly audit   '@esbuild/freebsd-x64': [ '0.25.10' ],
61 silly audit   '@esbuild/linux-arm': [ '0.25.10' ],
61 silly audit   '@esbuild/linux-arm64': [ '0.25.10' ],
61 silly audit   '@esbuild/linux-ia32': [ '0.25.10' ],
61 silly audit   '@esbuild/linux-loong64': [ '0.25.10' ],
61 silly audit   '@esbuild/linux-mips64el': [ '0.25.10' ],
61 silly audit   '@esbuild/linux-ppc64': [ '0.25.10' ],
61 silly audit   '@esbuild/linux-riscv64': [ '0.25.10' ],
61 silly audit   '@esbuild/linux-s390x': [ '0.25.10' ],
61 silly audit   '@esbuild/linux-x64': [ '0.25.10' ],
61 silly audit   '@esbuild/netbsd-arm64': [ '0.25.10' ],
61 silly audit   '@esbuild/netbsd-x64': [ '0.25.10' ],
61 silly audit   '@esbuild/openbsd-arm64': [ '0.25.10' ],
61 silly audit   '@esbuild/openbsd-x64': [ '0.25.10' ],
61 silly audit   '@esbuild/openharmony-arm64': [ '0.25.10' ],
61 silly audit   '@esbuild/sunos-x64': [ '0.25.10' ],
61 silly audit   '@esbuild/win32-arm64': [ '0.25.10' ],
61 silly audit   '@esbuild/win32-ia32': [ '0.25.10' ],
61 silly audit   '@esbuild/win32-x64': [ '0.25.10' ],
61 silly audit   '@jridgewell/resolve-uri': [ '3.1.2' ],
61 silly audit   '@jridgewell/sourcemap-codec': [ '1.5.5' ],
61 silly audit   '@jridgewell/trace-mapping': [ '0.3.9' ],
61 silly audit   '@jsdevtools/ono': [ '7.1.3' ],
61 silly audit   '@phc/format': [ '1.0.0' ],
61 silly audit   '@prisma/client': [ '6.16.3' ],
61 silly audit   '@prisma/config': [ '6.16.3' ],
61 silly audit   '@prisma/debug': [ '6.16.3' ],
61 silly audit   '@prisma/engines': [ '6.16.3' ],
61 silly audit   '@prisma/engines-version': [ '6.16.1-1.bb420e667c1820a8c05a38023385f6cc7ef8e83a' ],
61 silly audit   '@prisma/fetch-engine': [ '6.16.3' ],
61 silly audit   '@prisma/get-platform': [ '6.16.3' ],
61 silly audit   '@scarf/scarf': [ '1.4.0' ],
61 silly audit   '@standard-schema/spec': [ '1.0.0' ],
61 silly audit   '@tsconfig/node10': [ '1.0.11' ],
61 silly audit   '@tsconfig/node12': [ '1.0.11' ],
61 silly audit   '@tsconfig/node14': [ '1.0.3' ],
61 silly audit   '@tsconfig/node16': [ '1.0.4' ],
61 silly audit   '@types/body-parser': [ '1.19.6' ],
61 silly audit   '@types/connect': [ '3.4.38' ],
61 silly audit   '@types/express': [ '5.0.3' ],
61 silly audit   '@types/express-serve-static-core': [ '5.0.7' ],
61 silly audit   '@types/http-errors': [ '2.0.5' ],
61 silly audit   '@types/json-schema': [ '7.0.15' ],
61 silly audit   '@types/mime': [ '1.3.5' ],
61 silly audit   '@types/node': [ '24.6.0' ],
61 silly audit   '@types/qs': [ '6.14.0' ],
61 silly audit   '@types/range-parser': [ '1.2.7' ],
61 silly audit   '@types/send': [ '0.17.5' ],
61 silly audit   '@types/serve-static': [ '1.15.8' ],
61 silly audit   '@types/swagger-jsdoc': [ '6.0.4' ],
61 silly audit   '@types/swagger-ui-express': [ '4.1.8' ],
61 silly audit   accepts: [ '2.0.0' ],
61 silly audit   acorn: [ '8.15.0' ],
61 silly audit   'acorn-walk': [ '8.3.4' ],
61 silly audit   anymatch: [ '3.1.3' ],
61 silly audit   arg: [ '4.1.3' ],
61 silly audit   argon2: [ '0.44.0' ],
61 silly audit   argparse: [ '2.0.1' ],
61 silly audit   'balanced-match': [ '1.0.2' ],
61 silly audit   'binary-extensions': [ '2.3.0' ],
61 silly audit   'body-parser': [ '2.2.0' ],
61 silly audit   'brace-expansion': [ '1.1.12' ],
61 silly audit   braces: [ '3.0.3' ],
61 silly audit   bytes: [ '3.1.2' ],
61 silly audit   c12: [ '3.1.0' ],
61 silly audit   chokidar: [ '4.0.3', '3.6.0' ],
61 silly audit   dotenv: [ '16.6.1', '17.2.3' ],
61 silly audit   readdirp: [ '4.1.2', '3.6.0' ],
61 silly audit   'call-bind-apply-helpers': [ '1.0.2' ],
61 silly audit   'call-bound': [ '1.0.4' ],
61 silly audit   'call-me-maybe': [ '1.0.2' ],
61 silly audit   citty: [ '0.1.6' ],
61 silly audit   commander: [ '6.2.0', '9.5.0' ],
61 silly audit   'concat-map': [ '0.0.1' ],
61 silly audit   confbox: [ '0.2.2' ],
61 silly audit   consola: [ '3.4.2' ],
61 silly audit   'content-disposition': [ '1.0.0' ],
61 silly audit   'content-type': [ '1.0.5' ],
61 silly audit   cookie: [ '0.7.2' ],
61 silly audit   'cookie-signature': [ '1.2.2' ],
61 silly audit   'create-require': [ '1.1.1' ],
61 silly audit   'cross-env': [ '10.1.0' ],
61 silly audit   'cross-spawn': [ '7.0.6' ],
61 silly audit   debug: [ '4.4.3' ],
61 silly audit   'deepmerge-ts': [ '7.1.5' ],
61 silly audit   defu: [ '6.1.4' ],
61 silly audit   depd: [ '2.0.0' ],
61 silly audit   destr: [ '2.0.5' ],
61 silly audit   diff: [ '4.0.2' ],
61 silly audit   doctrine: [ '3.0.0' ],
61 silly audit   'dunder-proto': [ '1.0.1' ],
61 silly audit   'ee-first': [ '1.1.1' ],
61 silly audit   effect: [ '3.16.12' ],
61 silly audit   empathic: [ '2.0.0' ],
61 silly audit   encodeurl: [ '2.0.0' ],
61 silly audit   'es-define-property': [ '1.0.1' ],
61 silly audit   'es-errors': [ '1.3.0' ],
61 silly audit   'es-object-atoms': [ '1.1.1' ],
61 silly audit   esbuild: [ '0.25.10' ],
61 silly audit   'escape-html': [ '1.0.3' ],
61 silly audit   esutils: [ '2.0.3' ],
61 silly audit   etag: [ '1.8.1' ],
61 silly audit   express: [ '5.1.0' ],
61 silly audit   exsolve: [ '1.0.7' ],
61 silly audit   'fast-check': [ '3.23.2' ],
61 silly audit   'fill-range': [ '7.1.1' ],
61 silly audit   finalhandler: [ '2.1.0' ],
61 silly audit   forwarded: [ '0.2.0' ],
61 silly audit   fresh: [ '2.0.0' ],
61 silly audit   'fs.realpath': [ '1.0.0' ],
61 silly audit   fsevents: [ '2.3.3' ],
61 silly audit   'function-bind': [ '1.1.2' ],
61 silly audit   'get-intrinsic': [ '1.3.0' ],
61 silly audit   'get-proto': [ '1.0.1' ],
61 silly audit   'get-tsconfig': [ '4.10.1' ],
61 silly audit   giget: [ '2.0.0' ],
61 silly audit   glob: [ '7.1.6' ],
61 silly audit   'glob-parent': [ '5.1.2' ],
61 silly audit   gopd: [ '1.2.0' ],
61 silly audit   'has-flag': [ '3.0.0' ],
61 silly audit   'has-symbols': [ '1.1.0' ],
61 silly audit   hasown: [ '2.0.2' ],
61 silly audit   'http-errors': [ '2.0.0' ],
61 silly audit   statuses: [ '2.0.1', '2.0.2' ],
61 silly audit   'iconv-lite': [ '0.6.3', '0.7.0' ],
61 silly audit   'ignore-by-default': [ '1.0.1' ],
61 silly audit   inflight: [ '1.0.6' ],
61 silly audit   inherits: [ '2.0.4' ],
61 silly audit   'ipaddr.js': [ '1.9.1' ],
61 silly audit   'is-binary-path': [ '2.1.0' ],
61 silly audit   'is-extglob': [ '2.1.1' ],
61 silly audit   'is-glob': [ '4.0.3' ],
61 silly audit   'is-number': [ '7.0.0' ],
61 silly audit   'is-promise': [ '4.0.0' ],
61 silly audit   isexe: [ '2.0.0' ],
61 silly audit   jiti: [ '2.6.0' ],
61 silly audit   'js-yaml': [ '4.1.0' ],
61 silly audit   'lodash.get': [ '4.4.2' ],
61 silly audit   'lodash.isequal': [ '4.5.0' ],
61 silly audit   'lodash.mergewith': [ '4.6.2' ],
61 silly audit   'make-error': [ '1.3.6' ],
61 silly audit   'math-intrinsics': [ '1.1.0' ],
61 silly audit   'media-typer': [ '1.1.0' ],
61 silly audit   'merge-descriptors': [ '2.0.0' ],
61 silly audit   'mime-db': [ '1.54.0' ],
61 silly audit   'mime-types': [ '3.0.1' ],
61 silly audit   minimatch: [ '3.1.2' ],
61 silly audit   ms: [ '2.1.3' ],
61 silly audit   negotiator: [ '1.0.0' ],
61 silly audit   'node-addon-api': [ '8.5.0' ],
61 silly audit   'node-fetch-native': [ '1.6.7' ],
61 silly audit   'node-gyp-build': [ '4.8.4' ],
61 silly audit   nodemon: [ '3.1.10' ],
61 silly audit   'normalize-path': [ '3.0.0' ],
61 silly audit   nypm: [ '0.6.2' ],
61 silly audit   'object-inspect': [ '1.13.4' ],
61 silly audit   ohash: [ '2.0.11' ],
61 silly audit   'on-finished': [ '2.4.1' ],
61 silly audit   once: [ '1.4.0' ],
61 silly audit   'openapi-types': [ '12.1.3' ],
61 silly audit   parseurl: [ '1.3.3' ],
61 silly audit   'path-is-absolute': [ '1.0.1' ],
61 silly audit   'path-key': [ '3.1.1' ],
61 silly audit   'path-to-regexp': [ '8.3.0' ],
61 silly audit   pathe: [ '2.0.3' ],
61 silly audit   'perfect-debounce': [ '1.0.0' ],
61 silly audit   picomatch: [ '2.3.1' ],
61 silly audit   'pkg-types': [ '2.3.0' ],
61 silly audit   prisma: [ '6.16.3' ],
61 silly audit   'proxy-addr': [ '2.0.7' ],
61 silly audit   'pstree.remy': [ '1.1.8' ],
61 silly audit   'pure-rand': [ '6.1.0' ],
61 silly audit   qs: [ '6.14.0' ],
61 silly audit   'range-parser': [ '1.2.1' ],
61 silly audit   'raw-body': [ '3.0.1' ],
61 silly audit   rc9: [ '2.1.2' ],
61 silly audit   'resolve-pkg-maps': [ '1.0.0' ],
61 silly audit   router: [ '2.2.0' ],
61 silly audit   'safe-buffer': [ '5.2.1' ],
61 silly audit   'safer-buffer': [ '2.1.2' ],
61 silly audit   semver: [ '7.7.2' ],
61 silly audit   send: [ '1.2.0' ],
61 silly audit   'serve-static': [ '2.2.0' ],
61 silly audit   setprototypeof: [ '1.2.0' ],
61 silly audit   'shebang-command': [ '2.0.0' ],
61 silly audit   'shebang-regex': [ '3.0.0' ],
61 silly audit   'side-channel': [ '1.1.0' ],
61 silly audit   'side-channel-list': [ '1.0.0' ],
61 silly audit   'side-channel-map': [ '1.0.1' ],
61 silly audit   'side-channel-weakmap': [ '1.0.2' ],
61 silly audit   'simple-update-notifier': [ '2.0.0' ],
61 silly audit   'supports-color': [ '5.5.0' ],
61 silly audit   'swagger-jsdoc': [ '6.2.8' ],
61 silly audit   'swagger-parser': [ '10.0.3' ],
61 silly audit   'swagger-ui-dist': [ '5.29.1' ],
61 silly audit   'swagger-ui-express': [ '5.0.1' ],
61 silly audit   tinyexec: [ '1.0.1' ],
61 silly audit   'to-regex-range': [ '5.0.1' ],
61 silly audit   toidentifier: [ '1.0.1' ],
61 silly audit   touch: [ '3.1.1' ],
61 silly audit   'ts-node': [ '10.9.2' ],
61 silly audit   tsx: [ '4.20.6' ],
61 silly audit   'type-is': [ '2.0.1' ],
61 silly audit   typescript: [ '5.9.2' ],
61 silly audit   undefsafe: [ '2.0.5' ],
61 silly audit   'undici-types': [ '7.13.0' ],
61 silly audit   unpipe: [ '1.0.0' ],
61 silly audit   'v8-compile-cache-lib': [ '3.0.1' ],
61 silly audit   validator: [ '13.15.15' ],
61 silly audit   vary: [ '1.1.2' ],
61 silly audit   which: [ '2.0.2' ],
61 silly audit   wrappy: [ '1.0.2' ],
61 silly audit   yaml: [ '2.0.0-1' ],
61 silly audit   yn: [ '3.1.1' ],
61 silly audit   'z-schema': [ '5.0.5' ],
61 silly audit   zod: [ '4.1.11' ]
61 silly audit }
62 verbose reify failed optional dependency /home/joaoandredemedeirosarnaud/repos/advanced-crm-api/node_modules/@esbuild/win32-x64
63 silly reify mark deleted [
63 silly reify   '/home/joaoandredemedeirosarnaud/repos/advanced-crm-api/node_modules/@esbuild/win32-x64'
63 silly reify ]
64 verbose reify failed optional dependency /home/joaoandredemedeirosarnaud/repos/advanced-crm-api/node_modules/@esbuild/win32-ia32
65 silly reify mark deleted [
65 silly reify   '/home/joaoandredemedeirosarnaud/repos/advanced-crm-api/node_modules/@esbuild/win32-ia32'
65 silly reify ]
66 verbose reify failed optional dependency /home/joaoandredemedeirosarnaud/repos/advanced-crm-api/node_modules/@esbuild/win32-arm64
67 silly reify mark deleted [
67 silly reify   '/home/joaoandredemedeirosarnaud/repos/advanced-crm-api/node_modules/@esbuild/win32-arm64'
67 silly reify ]
68 verbose reify failed optional dependency /home/joaoandredemedeirosarnaud/repos/advanced-crm-api/node_modules/@esbuild/sunos-x64
69 silly reify mark deleted [
69 silly reify   '/home/joaoandredemedeirosarnaud/repos/advanced-crm-api/node_modules/@esbuild/sunos-x64'
69 silly reify ]
70 verbose reify failed optional dependency /home/joaoandredemedeirosarnaud/repos/advanced-crm-api/node_modules/@esbuild/openharmony-arm64
71 silly reify mark deleted [
71 silly reify   '/home/joaoandredemedeirosarnaud/repos/advanced-crm-api/node_modules/@esbuild/openharmony-arm64'
71 silly reify ]
72 verbose reify failed optional dependency /home/joaoandredemedeirosarnaud/repos/advanced-crm-api/node_modules/@esbuild/openbsd-x64
73 silly reify mark deleted [
73 silly reify   '/home/joaoandredemedeirosarnaud/repos/advanced-crm-api/node_modules/@esbuild/openbsd-x64'
73 silly reify ]
74 verbose reify failed optional dependency /home/joaoandredemedeirosarnaud/repos/advanced-crm-api/node_modules/@esbuild/netbsd-x64
75 silly reify mark deleted [
75 silly reify   '/home/joaoandredemedeirosarnaud/repos/advanced-crm-api/node_modules/@esbuild/netbsd-x64'
75 silly reify ]
76 verbose reify failed optional dependency /home/joaoandredemedeirosarnaud/repos/advanced-crm-api/node_modules/@esbuild/openbsd-arm64
77 silly reify mark deleted [
77 silly reify   '/home/joaoandredemedeirosarnaud/repos/advanced-crm-api/node_modules/@esbuild/openbsd-arm64'
77 silly reify ]
78 verbose reify failed optional dependency /home/joaoandredemedeirosarnaud/repos/advanced-crm-api/node_modules/@esbuild/netbsd-arm64
79 silly reify mark deleted [
79 silly reify   '/home/joaoandredemedeirosarnaud/repos/advanced-crm-api/node_modules/@esbuild/netbsd-arm64'
79 silly reify ]
80 verbose reify failed optional dependency /home/joaoandredemedeirosarnaud/repos/advanced-crm-api/node_modules/@esbuild/linux-s390x
81 silly reify mark deleted [
81 silly reify   '/home/joaoandredemedeirosarnaud/repos/advanced-crm-api/node_modules/@esbuild/linux-s390x'
81 silly reify ]
82 verbose reify failed optional dependency /home/joaoandredemedeirosarnaud/repos/advanced-crm-api/node_modules/@esbuild/linux-mips64el
83 silly reify mark deleted [
83 silly reify   '/home/joaoandredemedeirosarnaud/repos/advanced-crm-api/node_modules/@esbuild/linux-mips64el'
83 silly reify ]
84 verbose reify failed optional dependency /home/joaoandredemedeirosarnaud/repos/advanced-crm-api/node_modules/@esbuild/linux-riscv64
85 silly reify mark deleted [
85 silly reify   '/home/joaoandredemedeirosarnaud/repos/advanced-crm-api/node_modules/@esbuild/linux-riscv64'
85 silly reify ]
86 verbose reify failed optional dependency /home/joaoandredemedeirosarnaud/repos/advanced-crm-api/node_modules/@esbuild/linux-ppc64
87 silly reify mark deleted [
87 silly reify   '/home/joaoandredemedeirosarnaud/repos/advanced-crm-api/node_modules/@esbuild/linux-ppc64'
87 silly reify ]
88 verbose reify failed optional dependency /home/joaoandredemedeirosarnaud/repos/advanced-crm-api/node_modules/@esbuild/linux-loong64
89 silly reify mark deleted [
89 silly reify   '/home/joaoandredemedeirosarnaud/repos/advanced-crm-api/node_modules/@esbuild/linux-loong64'
89 silly reify ]
90 verbose reify failed optional dependency /home/joaoandredemedeirosarnaud/repos/advanced-crm-api/node_modules/@esbuild/linux-arm64
91 silly reify mark deleted [
91 silly reify   '/home/joaoandredemedeirosarnaud/repos/advanced-crm-api/node_modules/@esbuild/linux-arm64'
91 silly reify ]
92 verbose reify failed optional dependency /home/joaoandredemedeirosarnaud/repos/advanced-crm-api/node_modules/@esbuild/linux-ia32
93 silly reify mark deleted [
93 silly reify   '/home/joaoandredemedeirosarnaud/repos/advanced-crm-api/node_modules/@esbuild/linux-ia32'
93 silly reify ]
94 verbose reify failed optional dependency /home/joaoandredemedeirosarnaud/repos/advanced-crm-api/node_modules/@esbuild/linux-arm
95 silly reify mark deleted [
95 silly reify   '/home/joaoandredemedeirosarnaud/repos/advanced-crm-api/node_modules/@esbuild/linux-arm'
95 silly reify ]
96 verbose reify failed optional dependency /home/joaoandredemedeirosarnaud/repos/advanced-crm-api/node_modules/@esbuild/freebsd-arm64
97 silly reify mark deleted [
97 silly reify   '/home/joaoandredemedeirosarnaud/repos/advanced-crm-api/node_modules/@esbuild/freebsd-arm64'
97 silly reify ]
98 verbose reify failed optional dependency /home/joaoandredemedeirosarnaud/repos/advanced-crm-api/node_modules/@esbuild/freebsd-x64
99 silly reify mark deleted [
99 silly reify   '/home/joaoandredemedeirosarnaud/repos/advanced-crm-api/node_modules/@esbuild/freebsd-x64'
99 silly reify ]
100 verbose reify failed optional dependency /home/joaoandredemedeirosarnaud/repos/advanced-crm-api/node_modules/@esbuild/darwin-x64
101 silly reify mark deleted [
101 silly reify   '/home/joaoandredemedeirosarnaud/repos/advanced-crm-api/node_modules/@esbuild/darwin-x64'
101 silly reify ]
102 verbose reify failed optional dependency /home/joaoandredemedeirosarnaud/repos/advanced-crm-api/node_modules/@esbuild/darwin-arm64
103 silly reify mark deleted [
103 silly reify   '/home/joaoandredemedeirosarnaud/repos/advanced-crm-api/node_modules/@esbuild/darwin-arm64'
103 silly reify ]
104 verbose reify failed optional dependency /home/joaoandredemedeirosarnaud/repos/advanced-crm-api/node_modules/@esbuild/android-arm64
105 silly reify mark deleted [
105 silly reify   '/home/joaoandredemedeirosarnaud/repos/advanced-crm-api/node_modules/@esbuild/android-arm64'
105 silly reify ]
106 verbose reify failed optional dependency /home/joaoandredemedeirosarnaud/repos/advanced-crm-api/node_modules/@esbuild/android-x64
107 silly reify mark deleted [
107 silly reify   '/home/joaoandredemedeirosarnaud/repos/advanced-crm-api/node_modules/@esbuild/android-x64'
107 silly reify ]
108 verbose reify failed optional dependency /home/joaoandredemedeirosarnaud/repos/advanced-crm-api/node_modules/@esbuild/android-arm
109 silly reify mark deleted [
109 silly reify   '/home/joaoandredemedeirosarnaud/repos/advanced-crm-api/node_modules/@esbuild/android-arm'
109 silly reify ]
110 verbose reify failed optional dependency /home/joaoandredemedeirosarnaud/repos/advanced-crm-api/node_modules/@esbuild/aix-ppc64
111 silly reify mark deleted [
111 silly reify   '/home/joaoandredemedeirosarnaud/repos/advanced-crm-api/node_modules/@esbuild/aix-ppc64'
111 silly reify ]
112 verbose reify failed optional dependency /home/joaoandredemedeirosarnaud/repos/advanced-crm-api/node_modules/fsevents
113 silly reify mark deleted [
113 silly reify   '/home/joaoandredemedeirosarnaud/repos/advanced-crm-api/node_modules/fsevents'
113 silly reify ]
114 silly tarball no local data for prisma@https://registry.npmjs.org/prisma/-/prisma-6.16.3.tgz. Extracting by manifest.
115 silly tarball no local data for @prisma/client@https://registry.npmjs.org/@prisma/client/-/client-6.16.3.tgz. Extracting by manifest.
116 silly tarball no local data for @esbuild/linux-x64@https://registry.npmjs.org/@esbuild/linux-x64/-/linux-x64-0.25.10.tgz. Extracting by manifest.
117 http fetch POST 200 https://registry.npmjs.org/-/npm/v1/security/advisories/bulk 867ms
118 silly audit report {
118 silly audit report   validator: [
118 silly audit report     {
118 silly audit report       id: 1108959,
118 silly audit report       url: 'https://github.com/advisories/GHSA-9965-vmph-33xx',
118 silly audit report       title: 'validator.js has a URL validation bypass vulnerability in its isURL function',
118 silly audit report       severity: 'moderate',
118 silly audit report       vulnerable_versions: '<=13.15.15',
118 silly audit report       cwe: [Array],
118 silly audit report       cvss: [Object]
118 silly audit report     }
118 silly audit report   ]
118 silly audit report }
119 silly packumentCache corgi:https://registry.npmjs.org/validator cache-miss
120 http fetch GET 200 https://registry.npmjs.org/validator 4ms (cache hit)
121 silly packumentCache corgi:https://registry.npmjs.org/validator set size:167952 disposed:false
122 silly packumentCache corgi:https://registry.npmjs.org/z-schema cache-miss
123 http fetch GET 200 https://registry.npmjs.org/z-schema 6ms (cache hit)
124 silly packumentCache corgi:https://registry.npmjs.org/z-schema set size:140723 disposed:false
125 silly packumentCache corgi:https://registry.npmjs.org/@apidevtools%2fswagger-parser cache-miss
126 http fetch GET 200 https://registry.npmjs.org/@apidevtools%2fswagger-parser 2ms (cache hit)
127 silly packumentCache corgi:https://registry.npmjs.org/@apidevtools%2fswagger-parser set size:24529 disposed:false
128 silly packumentCache corgi:https://registry.npmjs.org/swagger-parser cache-miss
129 http fetch GET 200 https://registry.npmjs.org/swagger-parser 2ms (cache hit)
130 silly packumentCache corgi:https://registry.npmjs.org/swagger-parser set size:122533 disposed:false
131 silly packumentCache corgi:https://registry.npmjs.org/swagger-jsdoc cache-miss
132 http fetch GET 200 https://registry.npmjs.org/swagger-jsdoc 3ms (cache hit)
133 silly packumentCache corgi:https://registry.npmjs.org/swagger-jsdoc set size:155920 disposed:false
134 http fetch GET 200 https://registry.npmjs.org/@esbuild/linux-x64/-/linux-x64-0.25.10.tgz 4930ms (cache miss)
135 http fetch GET 200 https://registry.npmjs.org/prisma/-/prisma-6.16.3.tgz 14116ms (cache miss)
136 http fetch GET 200 https://registry.npmjs.org/@prisma/client/-/client-6.16.3.tgz 14470ms (cache miss)
137 info run prisma@6.16.3 preinstall node_modules/prisma node scripts/preinstall-entry.js
138 info run prisma@6.16.3 preinstall { code: 0, signal: null }
139 info run @prisma/client@6.16.3 postinstall node_modules/@prisma/client node scripts/postinstall.js
140 info run esbuild@0.25.10 postinstall node_modules/esbuild node install.js
141 info run esbuild@0.25.10 postinstall { code: 0, signal: null }
142 info run @prisma/client@6.16.3 postinstall { code: 0, signal: null }
143 silly CHANGE node_modules/z-schema
144 silly CHANGE node_modules/which
145 silly CHANGE node_modules/typescript
146 silly CHANGE node_modules/tsx
147 silly CHANGE node_modules/ts-node
148 silly CHANGE node_modules/touch
149 silly CHANGE node_modules/swagger-jsdoc
150 silly CHANGE node_modules/semver
151 silly CHANGE node_modules/prisma
152 silly CHANGE node_modules/nypm
153 silly CHANGE node_modules/nodemon
154 silly CHANGE node_modules/node-gyp-build
155 silly CHANGE node_modules/js-yaml
156 silly CHANGE node_modules/jiti
157 silly CHANGE node_modules/giget
158 silly CHANGE node_modules/esbuild
159 silly CHANGE node_modules/cross-env
160 silly CHANGE node_modules/acorn
161 silly CHANGE node_modules/@prisma/client
162 silly CHANGE node_modules/@esbuild/win32-x64
163 silly CHANGE node_modules/@esbuild/win32-ia32
164 silly CHANGE node_modules/@esbuild/win32-arm64
165 silly CHANGE node_modules/@esbuild/sunos-x64
166 silly CHANGE node_modules/@esbuild/openharmony-arm64
167 silly CHANGE node_modules/@esbuild/openbsd-x64
168 silly CHANGE node_modules/@esbuild/netbsd-x64
169 silly CHANGE node_modules/@esbuild/openbsd-arm64
170 silly CHANGE node_modules/@esbuild/netbsd-arm64
171 silly CHANGE node_modules/@esbuild/linux-s390x
172 silly CHANGE node_modules/@esbuild/linux-mips64el
173 silly CHANGE node_modules/@esbuild/linux-x64
174 silly CHANGE node_modules/@esbuild/linux-riscv64
175 silly CHANGE node_modules/@esbuild/linux-ppc64
176 silly CHANGE node_modules/@esbuild/linux-loong64
177 silly CHANGE node_modules/@esbuild/linux-arm64
178 silly CHANGE node_modules/@esbuild/linux-ia32
179 silly CHANGE node_modules/@esbuild/linux-arm
180 silly CHANGE node_modules/@esbuild/freebsd-arm64
181 silly CHANGE node_modules/@esbuild/freebsd-x64
182 silly CHANGE node_modules/@esbuild/darwin-x64
183 silly CHANGE node_modules/@esbuild/darwin-arm64
184 silly CHANGE node_modules/@esbuild/android-arm64
185 silly CHANGE node_modules/@esbuild/android-x64
186 silly CHANGE node_modules/@esbuild/android-arm
187 silly CHANGE node_modules/@esbuild/aix-ppc64
188 silly CHANGE node_modules/fsevents
189 verbose cwd /home/joaoandredemedeirosarnaud/repos/advanced-crm-api
190 verbose os Linux 6.16.12-200.fc42.x86_64
191 verbose node v20.17.0
192 verbose npm  v10.8.2
193 verbose exit 0
194 info ok
