0 verbose cli /home/joaoandredemedeirosarnaud/repos/advanced-crm-api/.local/node-v20.17.0-linux-x64/bin/node /home/joaoandredemedeirosarnaud/repos/advanced-crm-api/.local/node-v20.17.0-linux-x64/bin/npm
1 info using npm@10.8.2
2 info using node@v20.17.0
3 silly config load:file:/home/joaoandredemedeirosarnaud/repos/advanced-crm-api/.local/node-v20.17.0-linux-x64/lib/node_modules/npm/npmrc
4 silly config load:file:/home/joaoandredemedeirosarnaud/repos/advanced-crm-api/.npmrc
5 silly config load:file:/home/joaoandredemedeirosarnaud/.npmrc
6 silly config load:file:/home/joaoandredemedeirosarnaud/repos/advanced-crm-api/.local/node-v20.17.0-linux-x64/etc/npmrc
7 verbose title npm install
8 verbose argv "install"
9 verbose logfile logs-max:10 dir:/home/joaoandredemedeirosarnaud/repos/advanced-crm-api/.npm-cache/_logs/2025-10-17T13_28_23_416Z-
10 verbose logfile /home/joaoandredemedeirosarnaud/repos/advanced-crm-api/.npm-cache/_logs/2025-10-17T13_28_23_416Z-debug-0.log
11 silly packumentCache heap:2197815296 maxSize:549453824 maxEntrySize:274726912
12 silly logfile done cleaning log files
13 silly idealTree buildDeps
14 silly reify moves {}
15 silly audit bulk request {
15 silly audit   '@apidevtools/json-schema-ref-parser': [ '9.1.2' ],
15 silly audit   '@apidevtools/openapi-schemas': [ '2.1.0' ],
15 silly audit   '@apidevtools/swagger-methods': [ '3.0.2' ],
15 silly audit   '@apidevtools/swagger-parser': [ '10.0.3' ],
15 silly audit   '@cspotcode/source-map-support': [ '0.8.1' ],
15 silly audit   '@epic-web/invariant': [ '1.0.0' ],
15 silly audit   '@esbuild/aix-ppc64': [ '0.25.10' ],
15 silly audit   '@esbuild/android-arm': [ '0.25.10' ],
15 silly audit   '@esbuild/android-arm64': [ '0.25.10' ],
15 silly audit   '@esbuild/android-x64': [ '0.25.10' ],
15 silly audit   '@esbuild/darwin-arm64': [ '0.25.10' ],
15 silly audit   '@esbuild/darwin-x64': [ '0.25.10' ],
15 silly audit   '@esbuild/freebsd-arm64': [ '0.25.10' ],
15 silly audit   '@esbuild/freebsd-x64': [ '0.25.10' ],
15 silly audit   '@esbuild/linux-arm': [ '0.25.10' ],
15 silly audit   '@esbuild/linux-arm64': [ '0.25.10' ],
15 silly audit   '@esbuild/linux-ia32': [ '0.25.10' ],
15 silly audit   '@esbuild/linux-loong64': [ '0.25.10' ],
15 silly audit   '@esbuild/linux-mips64el': [ '0.25.10' ],
15 silly audit   '@esbuild/linux-ppc64': [ '0.25.10' ],
15 silly audit   '@esbuild/linux-riscv64': [ '0.25.10' ],
15 silly audit   '@esbuild/linux-s390x': [ '0.25.10' ],
15 silly audit   '@esbuild/linux-x64': [ '0.25.10' ],
15 silly audit   '@esbuild/netbsd-arm64': [ '0.25.10' ],
15 silly audit   '@esbuild/netbsd-x64': [ '0.25.10' ],
15 silly audit   '@esbuild/openbsd-arm64': [ '0.25.10' ],
15 silly audit   '@esbuild/openbsd-x64': [ '0.25.10' ],
15 silly audit   '@esbuild/openharmony-arm64': [ '0.25.10' ],
15 silly audit   '@esbuild/sunos-x64': [ '0.25.10' ],
15 silly audit   '@esbuild/win32-arm64': [ '0.25.10' ],
15 silly audit   '@esbuild/win32-ia32': [ '0.25.10' ],
15 silly audit   '@esbuild/win32-x64': [ '0.25.10' ],
15 silly audit   '@jridgewell/resolve-uri': [ '3.1.2' ],
15 silly audit   '@jridgewell/sourcemap-codec': [ '1.5.5' ],
15 silly audit   '@jridgewell/trace-mapping': [ '0.3.9' ],
15 silly audit   '@jsdevtools/ono': [ '7.1.3' ],
15 silly audit   '@phc/format': [ '1.0.0' ],
15 silly audit   '@prisma/client': [ '6.16.3' ],
15 silly audit   '@prisma/config': [ '6.16.3' ],
15 silly audit   '@prisma/debug': [ '6.16.3' ],
15 silly audit   '@prisma/engines': [ '6.16.3' ],
15 silly audit   '@prisma/engines-version': [ '6.16.1-1.bb420e667c1820a8c05a38023385f6cc7ef8e83a' ],
15 silly audit   '@prisma/fetch-engine': [ '6.16.3' ],
15 silly audit   '@prisma/get-platform': [ '6.16.3' ],
15 silly audit   '@scarf/scarf': [ '1.4.0' ],
15 silly audit   '@standard-schema/spec': [ '1.0.0' ],
15 silly audit   '@tsconfig/node10': [ '1.0.11' ],
15 silly audit   '@tsconfig/node12': [ '1.0.11' ],
15 silly audit   '@tsconfig/node14': [ '1.0.3' ],
15 silly audit   '@tsconfig/node16': [ '1.0.4' ],
15 silly audit   '@types/body-parser': [ '1.19.6' ],
15 silly audit   '@types/connect': [ '3.4.38' ],
15 silly audit   '@types/express': [ '5.0.3' ],
15 silly audit   '@types/express-serve-static-core': [ '5.0.7' ],
15 silly audit   '@types/http-errors': [ '2.0.5' ],
15 silly audit   '@types/json-schema': [ '7.0.15' ],
15 silly audit   '@types/mime': [ '1.3.5' ],
15 silly audit   '@types/node': [ '24.6.0' ],
15 silly audit   '@types/qs': [ '6.14.0' ],
15 silly audit   '@types/range-parser': [ '1.2.7' ],
15 silly audit   '@types/send': [ '0.17.5' ],
15 silly audit   '@types/serve-static': [ '1.15.8' ],
15 silly audit   '@types/swagger-jsdoc': [ '6.0.4' ],
15 silly audit   '@types/swagger-ui-express': [ '4.1.8' ],
15 silly audit   accepts: [ '2.0.0' ],
15 silly audit   acorn: [ '8.15.0' ],
15 silly audit   'acorn-walk': [ '8.3.4' ],
15 silly audit   anymatch: [ '3.1.3' ],
15 silly audit   arg: [ '4.1.3' ],
15 silly audit   argon2: [ '0.44.0' ],
15 silly audit   argparse: [ '2.0.1' ],
15 silly audit   'balanced-match': [ '1.0.2' ],
15 silly audit   'binary-extensions': [ '2.3.0' ],
15 silly audit   'body-parser': [ '2.2.0' ],
15 silly audit   'brace-expansion': [ '1.1.12' ],
15 silly audit   braces: [ '3.0.3' ],
15 silly audit   bytes: [ '3.1.2' ],
15 silly audit   c12: [ '3.1.0' ],
15 silly audit   chokidar: [ '4.0.3', '3.6.0' ],
15 silly audit   dotenv: [ '16.6.1', '17.2.3' ],
15 silly audit   readdirp: [ '4.1.2', '3.6.0' ],
15 silly audit   'call-bind-apply-helpers': [ '1.0.2' ],
15 silly audit   'call-bound': [ '1.0.4' ],
15 silly audit   'call-me-maybe': [ '1.0.2' ],
15 silly audit   citty: [ '0.1.6' ],
15 silly audit   commander: [ '6.2.0', '9.5.0' ],
15 silly audit   'concat-map': [ '0.0.1' ],
15 silly audit   confbox: [ '0.2.2' ],
15 silly audit   consola: [ '3.4.2' ],
15 silly audit   'content-disposition': [ '1.0.0' ],
15 silly audit   'content-type': [ '1.0.5' ],
15 silly audit   cookie: [ '0.7.2' ],
15 silly audit   'cookie-signature': [ '1.2.2' ],
15 silly audit   'create-require': [ '1.1.1' ],
15 silly audit   'cross-env': [ '10.1.0' ],
15 silly audit   'cross-spawn': [ '7.0.6' ],
15 silly audit   debug: [ '4.4.3' ],
15 silly audit   'deepmerge-ts': [ '7.1.5' ],
15 silly audit   defu: [ '6.1.4' ],
15 silly audit   depd: [ '2.0.0' ],
15 silly audit   destr: [ '2.0.5' ],
15 silly audit   diff: [ '4.0.2' ],
15 silly audit   doctrine: [ '3.0.0' ],
15 silly audit   'dunder-proto': [ '1.0.1' ],
15 silly audit   'ee-first': [ '1.1.1' ],
15 silly audit   effect: [ '3.16.12' ],
15 silly audit   empathic: [ '2.0.0' ],
15 silly audit   encodeurl: [ '2.0.0' ],
15 silly audit   'es-define-property': [ '1.0.1' ],
15 silly audit   'es-errors': [ '1.3.0' ],
15 silly audit   'es-object-atoms': [ '1.1.1' ],
15 silly audit   esbuild: [ '0.25.10' ],
15 silly audit   'escape-html': [ '1.0.3' ],
15 silly audit   esutils: [ '2.0.3' ],
15 silly audit   etag: [ '1.8.1' ],
15 silly audit   express: [ '5.1.0' ],
15 silly audit   exsolve: [ '1.0.7' ],
15 silly audit   'fast-check': [ '3.23.2' ],
15 silly audit   'fill-range': [ '7.1.1' ],
15 silly audit   finalhandler: [ '2.1.0' ],
15 silly audit   forwarded: [ '0.2.0' ],
15 silly audit   fresh: [ '2.0.0' ],
15 silly audit   'fs.realpath': [ '1.0.0' ],
15 silly audit   fsevents: [ '2.3.3' ],
15 silly audit   'function-bind': [ '1.1.2' ],
15 silly audit   'get-intrinsic': [ '1.3.0' ],
15 silly audit   'get-proto': [ '1.0.1' ],
15 silly audit   'get-tsconfig': [ '4.10.1' ],
15 silly audit   giget: [ '2.0.0' ],
15 silly audit   glob: [ '7.1.6' ],
15 silly audit   'glob-parent': [ '5.1.2' ],
15 silly audit   gopd: [ '1.2.0' ],
15 silly audit   'has-flag': [ '3.0.0' ],
15 silly audit   'has-symbols': [ '1.1.0' ],
15 silly audit   hasown: [ '2.0.2' ],
15 silly audit   'http-errors': [ '2.0.0' ],
15 silly audit   statuses: [ '2.0.1', '2.0.2' ],
15 silly audit   'iconv-lite': [ '0.6.3', '0.7.0' ],
15 silly audit   'ignore-by-default': [ '1.0.1' ],
15 silly audit   inflight: [ '1.0.6' ],
15 silly audit   inherits: [ '2.0.4' ],
15 silly audit   'ipaddr.js': [ '1.9.1' ],
15 silly audit   'is-binary-path': [ '2.1.0' ],
15 silly audit   'is-extglob': [ '2.1.1' ],
15 silly audit   'is-glob': [ '4.0.3' ],
15 silly audit   'is-number': [ '7.0.0' ],
15 silly audit   'is-promise': [ '4.0.0' ],
15 silly audit   isexe: [ '2.0.0' ],
15 silly audit   jiti: [ '2.6.0' ],
15 silly audit   'js-yaml': [ '4.1.0' ],
15 silly audit   'lodash.get': [ '4.4.2' ],
15 silly audit   'lodash.isequal': [ '4.5.0' ],
15 silly audit   'lodash.mergewith': [ '4.6.2' ],
15 silly audit   'make-error': [ '1.3.6' ],
15 silly audit   'math-intrinsics': [ '1.1.0' ],
15 silly audit   'media-typer': [ '1.1.0' ],
15 silly audit   'merge-descriptors': [ '2.0.0' ],
15 silly audit   'mime-db': [ '1.54.0' ],
15 silly audit   'mime-types': [ '3.0.1' ],
15 silly audit   minimatch: [ '3.1.2' ],
15 silly audit   ms: [ '2.1.3' ],
15 silly audit   negotiator: [ '1.0.0' ],
15 silly audit   'node-addon-api': [ '8.5.0' ],
15 silly audit   'node-fetch-native': [ '1.6.7' ],
15 silly audit   'node-gyp-build': [ '4.8.4' ],
15 silly audit   nodemon: [ '3.1.10' ],
15 silly audit   'normalize-path': [ '3.0.0' ],
15 silly audit   nypm: [ '0.6.2' ],
15 silly audit   'object-inspect': [ '1.13.4' ],
15 silly audit   ohash: [ '2.0.11' ],
15 silly audit   'on-finished': [ '2.4.1' ],
15 silly audit   once: [ '1.4.0' ],
15 silly audit   'openapi-types': [ '12.1.3' ],
15 silly audit   parseurl: [ '1.3.3' ],
15 silly audit   'path-is-absolute': [ '1.0.1' ],
15 silly audit   'path-key': [ '3.1.1' ],
15 silly audit   'path-to-regexp': [ '8.3.0' ],
15 silly audit   pathe: [ '2.0.3' ],
15 silly audit   'perfect-debounce': [ '1.0.0' ],
15 silly audit   picomatch: [ '2.3.1' ],
15 silly audit   'pkg-types': [ '2.3.0' ],
15 silly audit   prisma: [ '6.16.3' ],
15 silly audit   'proxy-addr': [ '2.0.7' ],
15 silly audit   'pstree.remy': [ '1.1.8' ],
15 silly audit   'pure-rand': [ '6.1.0' ],
15 silly audit   qs: [ '6.14.0' ],
15 silly audit   'range-parser': [ '1.2.1' ],
15 silly audit   'raw-body': [ '3.0.1' ],
15 silly audit   rc9: [ '2.1.2' ],
15 silly audit   'resolve-pkg-maps': [ '1.0.0' ],
15 silly audit   router: [ '2.2.0' ],
15 silly audit   'safe-buffer': [ '5.2.1' ],
15 silly audit   'safer-buffer': [ '2.1.2' ],
15 silly audit   semver: [ '7.7.2' ],
15 silly audit   send: [ '1.2.0' ],
15 silly audit   'serve-static': [ '2.2.0' ],
15 silly audit   setprototypeof: [ '1.2.0' ],
15 silly audit   'shebang-command': [ '2.0.0' ],
15 silly audit   'shebang-regex': [ '3.0.0' ],
15 silly audit   'side-channel': [ '1.1.0' ],
15 silly audit   'side-channel-list': [ '1.0.0' ],
15 silly audit   'side-channel-map': [ '1.0.1' ],
15 silly audit   'side-channel-weakmap': [ '1.0.2' ],
15 silly audit   'simple-update-notifier': [ '2.0.0' ],
15 silly audit   'supports-color': [ '5.5.0' ],
15 silly audit   'swagger-jsdoc': [ '6.2.8' ],
15 silly audit   'swagger-parser': [ '10.0.3' ],
15 silly audit   'swagger-ui-dist': [ '5.29.1' ],
15 silly audit   'swagger-ui-express': [ '5.0.1' ],
15 silly audit   tinyexec: [ '1.0.1' ],
15 silly audit   'to-regex-range': [ '5.0.1' ],
15 silly audit   toidentifier: [ '1.0.1' ],
15 silly audit   touch: [ '3.1.1' ],
15 silly audit   'ts-node': [ '10.9.2' ],
15 silly audit   tsx: [ '4.20.6' ],
15 silly audit   'type-is': [ '2.0.1' ],
15 silly audit   typescript: [ '5.9.2' ],
15 silly audit   undefsafe: [ '2.0.5' ],
15 silly audit   'undici-types': [ '7.13.0' ],
15 silly audit   unpipe: [ '1.0.0' ],
15 silly audit   'v8-compile-cache-lib': [ '3.0.1' ],
15 silly audit   validator: [ '13.15.15' ],
15 silly audit   vary: [ '1.1.2' ],
15 silly audit   which: [ '2.0.2' ],
15 silly audit   wrappy: [ '1.0.2' ],
15 silly audit   yaml: [ '2.0.0-1' ],
15 silly audit   yn: [ '3.1.1' ],
15 silly audit   'z-schema': [ '5.0.5' ],
15 silly audit   zod: [ '4.1.11' ]
15 silly audit }
16 verbose reify failed optional dependency /home/joaoandredemedeirosarnaud/repos/advanced-crm-api/node_modules/fsevents
17 silly reify mark deleted [
17 silly reify   '/home/joaoandredemedeirosarnaud/repos/advanced-crm-api/node_modules/fsevents'
17 silly reify ]
18 verbose reify failed optional dependency /home/joaoandredemedeirosarnaud/repos/advanced-crm-api/node_modules/@esbuild/win32-x64
19 silly reify mark deleted [
19 silly reify   '/home/joaoandredemedeirosarnaud/repos/advanced-crm-api/node_modules/@esbuild/win32-x64'
19 silly reify ]
20 verbose reify failed optional dependency /home/joaoandredemedeirosarnaud/repos/advanced-crm-api/node_modules/@esbuild/win32-ia32
21 silly reify mark deleted [
21 silly reify   '/home/joaoandredemedeirosarnaud/repos/advanced-crm-api/node_modules/@esbuild/win32-ia32'
21 silly reify ]
22 verbose reify failed optional dependency /home/joaoandredemedeirosarnaud/repos/advanced-crm-api/node_modules/@esbuild/win32-arm64
23 silly reify mark deleted [
23 silly reify   '/home/joaoandredemedeirosarnaud/repos/advanced-crm-api/node_modules/@esbuild/win32-arm64'
23 silly reify ]
24 verbose reify failed optional dependency /home/joaoandredemedeirosarnaud/repos/advanced-crm-api/node_modules/@esbuild/sunos-x64
25 silly reify mark deleted [
25 silly reify   '/home/joaoandredemedeirosarnaud/repos/advanced-crm-api/node_modules/@esbuild/sunos-x64'
25 silly reify ]
26 verbose reify failed optional dependency /home/joaoandredemedeirosarnaud/repos/advanced-crm-api/node_modules/@esbuild/openharmony-arm64
27 silly reify mark deleted [
27 silly reify   '/home/joaoandredemedeirosarnaud/repos/advanced-crm-api/node_modules/@esbuild/openharmony-arm64'
27 silly reify ]
28 verbose reify failed optional dependency /home/joaoandredemedeirosarnaud/repos/advanced-crm-api/node_modules/@esbuild/openbsd-x64
29 silly reify mark deleted [
29 silly reify   '/home/joaoandredemedeirosarnaud/repos/advanced-crm-api/node_modules/@esbuild/openbsd-x64'
29 silly reify ]
30 verbose reify failed optional dependency /home/joaoandredemedeirosarnaud/repos/advanced-crm-api/node_modules/@esbuild/openbsd-arm64
31 silly reify mark deleted [
31 silly reify   '/home/joaoandredemedeirosarnaud/repos/advanced-crm-api/node_modules/@esbuild/openbsd-arm64'
31 silly reify ]
32 verbose reify failed optional dependency /home/joaoandredemedeirosarnaud/repos/advanced-crm-api/node_modules/@esbuild/netbsd-x64
33 silly reify mark deleted [
33 silly reify   '/home/joaoandredemedeirosarnaud/repos/advanced-crm-api/node_modules/@esbuild/netbsd-x64'
33 silly reify ]
34 verbose reify failed optional dependency /home/joaoandredemedeirosarnaud/repos/advanced-crm-api/node_modules/@esbuild/netbsd-arm64
35 silly reify mark deleted [
35 silly reify   '/home/joaoandredemedeirosarnaud/repos/advanced-crm-api/node_modules/@esbuild/netbsd-arm64'
35 silly reify ]
36 verbose reify failed optional dependency /home/joaoandredemedeirosarnaud/repos/advanced-crm-api/node_modules/@esbuild/linux-s390x
37 silly reify mark deleted [
37 silly reify   '/home/joaoandredemedeirosarnaud/repos/advanced-crm-api/node_modules/@esbuild/linux-s390x'
37 silly reify ]
38 verbose reify failed optional dependency /home/joaoandredemedeirosarnaud/repos/advanced-crm-api/node_modules/@esbuild/linux-riscv64
39 silly reify mark deleted [
39 silly reify   '/home/joaoandredemedeirosarnaud/repos/advanced-crm-api/node_modules/@esbuild/linux-riscv64'
39 silly reify ]
40 verbose reify failed optional dependency /home/joaoandredemedeirosarnaud/repos/advanced-crm-api/node_modules/@esbuild/linux-ppc64
41 silly reify mark deleted [
41 silly reify   '/home/joaoandredemedeirosarnaud/repos/advanced-crm-api/node_modules/@esbuild/linux-ppc64'
41 silly reify ]
42 verbose reify failed optional dependency /home/joaoandredemedeirosarnaud/repos/advanced-crm-api/node_modules/@esbuild/linux-mips64el
43 silly reify mark deleted [
43 silly reify   '/home/joaoandredemedeirosarnaud/repos/advanced-crm-api/node_modules/@esbuild/linux-mips64el'
43 silly reify ]
44 verbose reify failed optional dependency /home/joaoandredemedeirosarnaud/repos/advanced-crm-api/node_modules/@esbuild/linux-loong64
45 silly reify mark deleted [
45 silly reify   '/home/joaoandredemedeirosarnaud/repos/advanced-crm-api/node_modules/@esbuild/linux-loong64'
45 silly reify ]
46 verbose reify failed optional dependency /home/joaoandredemedeirosarnaud/repos/advanced-crm-api/node_modules/@esbuild/linux-ia32
47 silly reify mark deleted [
47 silly reify   '/home/joaoandredemedeirosarnaud/repos/advanced-crm-api/node_modules/@esbuild/linux-ia32'
47 silly reify ]
48 verbose reify failed optional dependency /home/joaoandredemedeirosarnaud/repos/advanced-crm-api/node_modules/@esbuild/linux-arm64
49 silly reify mark deleted [
49 silly reify   '/home/joaoandredemedeirosarnaud/repos/advanced-crm-api/node_modules/@esbuild/linux-arm64'
49 silly reify ]
50 verbose reify failed optional dependency /home/joaoandredemedeirosarnaud/repos/advanced-crm-api/node_modules/@esbuild/linux-arm
51 silly reify mark deleted [
51 silly reify   '/home/joaoandredemedeirosarnaud/repos/advanced-crm-api/node_modules/@esbuild/linux-arm'
51 silly reify ]
52 verbose reify failed optional dependency /home/joaoandredemedeirosarnaud/repos/advanced-crm-api/node_modules/@esbuild/freebsd-x64
53 silly reify mark deleted [
53 silly reify   '/home/joaoandredemedeirosarnaud/repos/advanced-crm-api/node_modules/@esbuild/freebsd-x64'
53 silly reify ]
54 verbose reify failed optional dependency /home/joaoandredemedeirosarnaud/repos/advanced-crm-api/node_modules/@esbuild/freebsd-arm64
55 silly reify mark deleted [
55 silly reify   '/home/joaoandredemedeirosarnaud/repos/advanced-crm-api/node_modules/@esbuild/freebsd-arm64'
55 silly reify ]
56 verbose reify failed optional dependency /home/joaoandredemedeirosarnaud/repos/advanced-crm-api/node_modules/@esbuild/darwin-x64
57 silly reify mark deleted [
57 silly reify   '/home/joaoandredemedeirosarnaud/repos/advanced-crm-api/node_modules/@esbuild/darwin-x64'
57 silly reify ]
58 verbose reify failed optional dependency /home/joaoandredemedeirosarnaud/repos/advanced-crm-api/node_modules/@esbuild/darwin-arm64
59 silly reify mark deleted [
59 silly reify   '/home/joaoandredemedeirosarnaud/repos/advanced-crm-api/node_modules/@esbuild/darwin-arm64'
59 silly reify ]
60 verbose reify failed optional dependency /home/joaoandredemedeirosarnaud/repos/advanced-crm-api/node_modules/@esbuild/android-x64
61 silly reify mark deleted [
61 silly reify   '/home/joaoandredemedeirosarnaud/repos/advanced-crm-api/node_modules/@esbuild/android-x64'
61 silly reify ]
62 verbose reify failed optional dependency /home/joaoandredemedeirosarnaud/repos/advanced-crm-api/node_modules/@esbuild/android-arm64
63 silly reify mark deleted [
63 silly reify   '/home/joaoandredemedeirosarnaud/repos/advanced-crm-api/node_modules/@esbuild/android-arm64'
63 silly reify ]
64 verbose reify failed optional dependency /home/joaoandredemedeirosarnaud/repos/advanced-crm-api/node_modules/@esbuild/android-arm
65 silly reify mark deleted [
65 silly reify   '/home/joaoandredemedeirosarnaud/repos/advanced-crm-api/node_modules/@esbuild/android-arm'
65 silly reify ]
66 verbose reify failed optional dependency /home/joaoandredemedeirosarnaud/repos/advanced-crm-api/node_modules/@esbuild/aix-ppc64
67 silly reify mark deleted [
67 silly reify   '/home/joaoandredemedeirosarnaud/repos/advanced-crm-api/node_modules/@esbuild/aix-ppc64'
67 silly reify ]
68 silly tarball no local data for zod@https://registry.npmjs.org/zod/-/zod-4.1.11.tgz. Extracting by manifest.
69 silly tarball no local data for z-schema@https://registry.npmjs.org/z-schema/-/z-schema-5.0.5.tgz. Extracting by manifest.
70 silly tarball no local data for yaml@https://registry.npmjs.org/yaml/-/yaml-2.0.0-1.tgz. Extracting by manifest.
71 silly tarball no local data for wrappy@https://registry.npmjs.org/wrappy/-/wrappy-1.0.2.tgz. Extracting by manifest.
72 silly tarball no local data for yn@https://registry.npmjs.org/yn/-/yn-3.1.1.tgz. Extracting by manifest.
73 silly tarball no local data for vary@https://registry.npmjs.org/vary/-/vary-1.1.2.tgz. Extracting by manifest.
74 silly tarball no local data for validator@https://registry.npmjs.org/validator/-/validator-13.15.15.tgz. Extracting by manifest.
75 silly tarball no local data for v8-compile-cache-lib@https://registry.npmjs.org/v8-compile-cache-lib/-/v8-compile-cache-lib-3.0.1.tgz. Extracting by manifest.
76 silly tarball no local data for which@https://registry.npmjs.org/which/-/which-2.0.2.tgz. Extracting by manifest.
77 silly tarball no local data for unpipe@https://registry.npmjs.org/unpipe/-/unpipe-1.0.0.tgz. Extracting by manifest.
78 silly tarball no local data for undici-types@https://registry.npmjs.org/undici-types/-/undici-types-7.13.0.tgz. Extracting by manifest.
79 silly tarball no local data for typescript@https://registry.npmjs.org/typescript/-/typescript-5.9.2.tgz. Extracting by manifest.
80 silly tarball no local data for undefsafe@https://registry.npmjs.org/undefsafe/-/undefsafe-2.0.5.tgz. Extracting by manifest.
81 silly tarball no local data for type-is@https://registry.npmjs.org/type-is/-/type-is-2.0.1.tgz. Extracting by manifest.
82 silly tarball no local data for tsx@https://registry.npmjs.org/tsx/-/tsx-4.20.6.tgz. Extracting by manifest.
83 silly tarball no local data for ts-node@https://registry.npmjs.org/ts-node/-/ts-node-10.9.2.tgz. Extracting by manifest.
84 silly tarball no local data for touch@https://registry.npmjs.org/touch/-/touch-3.1.1.tgz. Extracting by manifest.
85 silly tarball no local data for tinyexec@https://registry.npmjs.org/tinyexec/-/tinyexec-1.0.1.tgz. Extracting by manifest.
86 silly tarball no local data for to-regex-range@https://registry.npmjs.org/to-regex-range/-/to-regex-range-5.0.1.tgz. Extracting by manifest.
87 silly tarball no local data for swagger-ui-express@https://registry.npmjs.org/swagger-ui-express/-/swagger-ui-express-5.0.1.tgz. Extracting by manifest.
88 silly tarball no local data for swagger-ui-dist@https://registry.npmjs.org/swagger-ui-dist/-/swagger-ui-dist-5.29.1.tgz. Extracting by manifest.
89 silly tarball no local data for swagger-parser@https://registry.npmjs.org/swagger-parser/-/swagger-parser-10.0.3.tgz. Extracting by manifest.
90 silly tarball no local data for toidentifier@https://registry.npmjs.org/toidentifier/-/toidentifier-1.0.1.tgz. Extracting by manifest.
91 silly tarball no local data for swagger-jsdoc@https://registry.npmjs.org/swagger-jsdoc/-/swagger-jsdoc-6.2.8.tgz. Extracting by manifest.
92 silly tarball no local data for supports-color@https://registry.npmjs.org/supports-color/-/supports-color-5.5.0.tgz. Extracting by manifest.
93 silly tarball no local data for statuses@https://registry.npmjs.org/statuses/-/statuses-2.0.2.tgz. Extracting by manifest.
94 silly tarball no local data for side-channel-map@https://registry.npmjs.org/side-channel-map/-/side-channel-map-1.0.1.tgz. Extracting by manifest.
95 silly tarball no local data for side-channel-weakmap@https://registry.npmjs.org/side-channel-weakmap/-/side-channel-weakmap-1.0.2.tgz. Extracting by manifest.
96 silly tarball no local data for simple-update-notifier@https://registry.npmjs.org/simple-update-notifier/-/simple-update-notifier-2.0.0.tgz. Extracting by manifest.
97 silly tarball no local data for side-channel-list@https://registry.npmjs.org/side-channel-list/-/side-channel-list-1.0.0.tgz. Extracting by manifest.
98 silly tarball no local data for shebang-command@https://registry.npmjs.org/shebang-command/-/shebang-command-2.0.0.tgz. Extracting by manifest.
99 silly tarball no local data for shebang-regex@https://registry.npmjs.org/shebang-regex/-/shebang-regex-3.0.0.tgz. Extracting by manifest.
100 silly tarball no local data for side-channel@https://registry.npmjs.org/side-channel/-/side-channel-1.1.0.tgz. Extracting by manifest.
101 silly tarball no local data for serve-static@https://registry.npmjs.org/serve-static/-/serve-static-2.2.0.tgz. Extracting by manifest.
102 silly tarball no local data for setprototypeof@https://registry.npmjs.org/setprototypeof/-/setprototypeof-1.2.0.tgz. Extracting by manifest.
103 silly tarball no local data for send@https://registry.npmjs.org/send/-/send-1.2.0.tgz. Extracting by manifest.
104 silly tarball no local data for semver@https://registry.npmjs.org/semver/-/semver-7.7.2.tgz. Extracting by manifest.
105 silly tarball no local data for safer-buffer@https://registry.npmjs.org/safer-buffer/-/safer-buffer-2.1.2.tgz. Extracting by manifest.
106 silly tarball no local data for safe-buffer@https://registry.npmjs.org/safe-buffer/-/safe-buffer-5.2.1.tgz. Extracting by manifest.
107 silly tarball no local data for router@https://registry.npmjs.org/router/-/router-2.2.0.tgz. Extracting by manifest.
108 silly tarball no local data for readdirp@https://registry.npmjs.org/readdirp/-/readdirp-3.6.0.tgz. Extracting by manifest.
109 silly tarball no local data for rc9@https://registry.npmjs.org/rc9/-/rc9-2.1.2.tgz. Extracting by manifest.
110 silly tarball no local data for resolve-pkg-maps@https://registry.npmjs.org/resolve-pkg-maps/-/resolve-pkg-maps-1.0.0.tgz. Extracting by manifest.
111 silly tarball no local data for raw-body@https://registry.npmjs.org/raw-body/-/raw-body-3.0.1.tgz. Extracting by manifest.
112 silly tarball no local data for range-parser@https://registry.npmjs.org/range-parser/-/range-parser-1.2.1.tgz. Extracting by manifest.
113 silly tarball no local data for pure-rand@https://registry.npmjs.org/pure-rand/-/pure-rand-6.1.0.tgz. Extracting by manifest.
114 silly tarball no local data for qs@https://registry.npmjs.org/qs/-/qs-6.14.0.tgz. Extracting by manifest.
115 silly tarball no local data for pstree.remy@https://registry.npmjs.org/pstree.remy/-/pstree.remy-1.1.8.tgz. Extracting by manifest.
116 silly tarball no local data for proxy-addr@https://registry.npmjs.org/proxy-addr/-/proxy-addr-2.0.7.tgz. Extracting by manifest.
117 silly tarball no local data for pkg-types@https://registry.npmjs.org/pkg-types/-/pkg-types-2.3.0.tgz. Extracting by manifest.
118 silly tarball no local data for prisma@https://registry.npmjs.org/prisma/-/prisma-6.16.3.tgz. Extracting by manifest.
119 silly tarball no local data for picomatch@https://registry.npmjs.org/picomatch/-/picomatch-2.3.1.tgz. Extracting by manifest.
120 silly tarball no local data for perfect-debounce@https://registry.npmjs.org/perfect-debounce/-/perfect-debounce-1.0.0.tgz. Extracting by manifest.
121 silly tarball no local data for pathe@https://registry.npmjs.org/pathe/-/pathe-2.0.3.tgz. Extracting by manifest.
122 silly tarball no local data for path-to-regexp@https://registry.npmjs.org/path-to-regexp/-/path-to-regexp-8.3.0.tgz. Extracting by manifest.
123 silly tarball no local data for path-key@https://registry.npmjs.org/path-key/-/path-key-3.1.1.tgz. Extracting by manifest.
124 silly tarball no local data for path-is-absolute@https://registry.npmjs.org/path-is-absolute/-/path-is-absolute-1.0.1.tgz. Extracting by manifest.
125 silly tarball no local data for openapi-types@https://registry.npmjs.org/openapi-types/-/openapi-types-12.1.3.tgz. Extracting by manifest.
126 silly tarball no local data for once@https://registry.npmjs.org/once/-/once-1.4.0.tgz. Extracting by manifest.
127 silly tarball no local data for parseurl@https://registry.npmjs.org/parseurl/-/parseurl-1.3.3.tgz. Extracting by manifest.
128 silly tarball no local data for ohash@https://registry.npmjs.org/ohash/-/ohash-2.0.11.tgz. Extracting by manifest.
129 silly tarball no local data for on-finished@https://registry.npmjs.org/on-finished/-/on-finished-2.4.1.tgz. Extracting by manifest.
130 silly tarball no local data for object-inspect@https://registry.npmjs.org/object-inspect/-/object-inspect-1.13.4.tgz. Extracting by manifest.
131 silly tarball no local data for nypm@https://registry.npmjs.org/nypm/-/nypm-0.6.2.tgz. Extracting by manifest.
132 silly tarball no local data for nodemon@https://registry.npmjs.org/nodemon/-/nodemon-3.1.10.tgz. Extracting by manifest.
133 silly tarball no local data for normalize-path@https://registry.npmjs.org/normalize-path/-/normalize-path-3.0.0.tgz. Extracting by manifest.
134 silly tarball no local data for node-gyp-build@https://registry.npmjs.org/node-gyp-build/-/node-gyp-build-4.8.4.tgz. Extracting by manifest.
135 silly tarball no local data for node-fetch-native@https://registry.npmjs.org/node-fetch-native/-/node-fetch-native-1.6.7.tgz. Extracting by manifest.
136 silly tarball no local data for node-addon-api@https://registry.npmjs.org/node-addon-api/-/node-addon-api-8.5.0.tgz. Extracting by manifest.
137 silly tarball no local data for ms@https://registry.npmjs.org/ms/-/ms-2.1.3.tgz. Extracting by manifest.
138 silly tarball no local data for negotiator@https://registry.npmjs.org/negotiator/-/negotiator-1.0.0.tgz. Extracting by manifest.
139 silly tarball no local data for minimatch@https://registry.npmjs.org/minimatch/-/minimatch-3.1.2.tgz. Extracting by manifest.
140 silly tarball no local data for mime-types@https://registry.npmjs.org/mime-types/-/mime-types-3.0.1.tgz. Extracting by manifest.
141 silly tarball no local data for mime-db@https://registry.npmjs.org/mime-db/-/mime-db-1.54.0.tgz. Extracting by manifest.
142 silly tarball no local data for merge-descriptors@https://registry.npmjs.org/merge-descriptors/-/merge-descriptors-2.0.0.tgz. Extracting by manifest.
143 silly tarball no local data for media-typer@https://registry.npmjs.org/media-typer/-/media-typer-1.1.0.tgz. Extracting by manifest.
144 silly tarball no local data for math-intrinsics@https://registry.npmjs.org/math-intrinsics/-/math-intrinsics-1.1.0.tgz. Extracting by manifest.
145 silly tarball no local data for make-error@https://registry.npmjs.org/make-error/-/make-error-1.3.6.tgz. Extracting by manifest.
146 silly tarball no local data for lodash.mergewith@https://registry.npmjs.org/lodash.mergewith/-/lodash.mergewith-4.6.2.tgz. Extracting by manifest.
147 silly tarball no local data for lodash.get@https://registry.npmjs.org/lodash.get/-/lodash.get-4.4.2.tgz. Extracting by manifest.
148 silly tarball no local data for lodash.isequal@https://registry.npmjs.org/lodash.isequal/-/lodash.isequal-4.5.0.tgz. Extracting by manifest.
149 silly tarball no local data for js-yaml@https://registry.npmjs.org/js-yaml/-/js-yaml-4.1.0.tgz. Extracting by manifest.
150 silly tarball no local data for jiti@https://registry.npmjs.org/jiti/-/jiti-2.6.0.tgz. Extracting by manifest.
151 silly tarball no local data for is-promise@https://registry.npmjs.org/is-promise/-/is-promise-4.0.0.tgz. Extracting by manifest.
152 silly tarball no local data for is-number@https://registry.npmjs.org/is-number/-/is-number-7.0.0.tgz. Extracting by manifest.
153 silly tarball no local data for isexe@https://registry.npmjs.org/isexe/-/isexe-2.0.0.tgz. Extracting by manifest.
154 silly tarball no local data for is-glob@https://registry.npmjs.org/is-glob/-/is-glob-4.0.3.tgz. Extracting by manifest.
155 silly tarball no local data for is-extglob@https://registry.npmjs.org/is-extglob/-/is-extglob-2.1.1.tgz. Extracting by manifest.
156 silly tarball no local data for is-binary-path@https://registry.npmjs.org/is-binary-path/-/is-binary-path-2.1.0.tgz. Extracting by manifest.
157 silly tarball no local data for ipaddr.js@https://registry.npmjs.org/ipaddr.js/-/ipaddr.js-1.9.1.tgz. Extracting by manifest.
158 silly tarball no local data for inherits@https://registry.npmjs.org/inherits/-/inherits-2.0.4.tgz. Extracting by manifest.
159 silly tarball no local data for inflight@https://registry.npmjs.org/inflight/-/inflight-1.0.6.tgz. Extracting by manifest.
160 silly tarball no local data for ignore-by-default@https://registry.npmjs.org/ignore-by-default/-/ignore-by-default-1.0.1.tgz. Extracting by manifest.
161 silly tarball no local data for http-errors@https://registry.npmjs.org/http-errors/-/http-errors-2.0.0.tgz. Extracting by manifest.
162 silly tarball no local data for hasown@https://registry.npmjs.org/hasown/-/hasown-2.0.2.tgz. Extracting by manifest.
163 silly tarball no local data for iconv-lite@https://registry.npmjs.org/iconv-lite/-/iconv-lite-0.6.3.tgz. Extracting by manifest.
164 silly tarball no local data for has-symbols@https://registry.npmjs.org/has-symbols/-/has-symbols-1.1.0.tgz. Extracting by manifest.
165 silly tarball no local data for has-flag@https://registry.npmjs.org/has-flag/-/has-flag-3.0.0.tgz. Extracting by manifest.
166 silly tarball no local data for glob-parent@https://registry.npmjs.org/glob-parent/-/glob-parent-5.1.2.tgz. Extracting by manifest.
167 silly tarball no local data for gopd@https://registry.npmjs.org/gopd/-/gopd-1.2.0.tgz. Extracting by manifest.
168 silly tarball no local data for glob@https://registry.npmjs.org/glob/-/glob-7.1.6.tgz. Extracting by manifest.
169 silly tarball no local data for giget@https://registry.npmjs.org/giget/-/giget-2.0.0.tgz. Extracting by manifest.
170 silly tarball no local data for get-tsconfig@https://registry.npmjs.org/get-tsconfig/-/get-tsconfig-4.10.1.tgz. Extracting by manifest.
171 silly tarball no local data for get-proto@https://registry.npmjs.org/get-proto/-/get-proto-1.0.1.tgz. Extracting by manifest.
172 silly tarball no local data for get-intrinsic@https://registry.npmjs.org/get-intrinsic/-/get-intrinsic-1.3.0.tgz. Extracting by manifest.
173 silly tarball no local data for function-bind@https://registry.npmjs.org/function-bind/-/function-bind-1.1.2.tgz. Extracting by manifest.
174 silly tarball no local data for fs.realpath@https://registry.npmjs.org/fs.realpath/-/fs.realpath-1.0.0.tgz. Extracting by manifest.
175 silly tarball no local data for fresh@https://registry.npmjs.org/fresh/-/fresh-2.0.0.tgz. Extracting by manifest.
176 silly tarball no local data for forwarded@https://registry.npmjs.org/forwarded/-/forwarded-0.2.0.tgz. Extracting by manifest.
177 silly tarball no local data for finalhandler@https://registry.npmjs.org/finalhandler/-/finalhandler-2.1.0.tgz. Extracting by manifest.
178 silly tarball no local data for fill-range@https://registry.npmjs.org/fill-range/-/fill-range-7.1.1.tgz. Extracting by manifest.
179 silly tarball no local data for fast-check@https://registry.npmjs.org/fast-check/-/fast-check-3.23.2.tgz. Extracting by manifest.
180 silly tarball no local data for express@https://registry.npmjs.org/express/-/express-5.1.0.tgz. Extracting by manifest.
181 silly tarball no local data for exsolve@https://registry.npmjs.org/exsolve/-/exsolve-1.0.7.tgz. Extracting by manifest.
182 silly tarball no local data for esutils@https://registry.npmjs.org/esutils/-/esutils-2.0.3.tgz. Extracting by manifest.
183 silly tarball no local data for escape-html@https://registry.npmjs.org/escape-html/-/escape-html-1.0.3.tgz. Extracting by manifest.
184 silly tarball no local data for etag@https://registry.npmjs.org/etag/-/etag-1.8.1.tgz. Extracting by manifest.
185 silly tarball no local data for es-object-atoms@https://registry.npmjs.org/es-object-atoms/-/es-object-atoms-1.1.1.tgz. Extracting by manifest.
186 silly tarball no local data for esbuild@https://registry.npmjs.org/esbuild/-/esbuild-0.25.10.tgz. Extracting by manifest.
187 silly tarball no local data for es-define-property@https://registry.npmjs.org/es-define-property/-/es-define-property-1.0.1.tgz. Extracting by manifest.
188 silly tarball no local data for es-errors@https://registry.npmjs.org/es-errors/-/es-errors-1.3.0.tgz. Extracting by manifest.
189 silly tarball no local data for encodeurl@https://registry.npmjs.org/encodeurl/-/encodeurl-2.0.0.tgz. Extracting by manifest.
190 silly tarball no local data for effect@https://registry.npmjs.org/effect/-/effect-3.16.12.tgz. Extracting by manifest.
191 silly tarball no local data for ee-first@https://registry.npmjs.org/ee-first/-/ee-first-1.1.1.tgz. Extracting by manifest.
192 silly tarball no local data for empathic@https://registry.npmjs.org/empathic/-/empathic-2.0.0.tgz. Extracting by manifest.
193 silly tarball no local data for dotenv@https://registry.npmjs.org/dotenv/-/dotenv-17.2.3.tgz. Extracting by manifest.
194 silly tarball no local data for dunder-proto@https://registry.npmjs.org/dunder-proto/-/dunder-proto-1.0.1.tgz. Extracting by manifest.
195 silly tarball no local data for doctrine@https://registry.npmjs.org/doctrine/-/doctrine-3.0.0.tgz. Extracting by manifest.
196 silly tarball no local data for diff@https://registry.npmjs.org/diff/-/diff-4.0.2.tgz. Extracting by manifest.
197 silly tarball no local data for destr@https://registry.npmjs.org/destr/-/destr-2.0.5.tgz. Extracting by manifest.
198 silly tarball no local data for depd@https://registry.npmjs.org/depd/-/depd-2.0.0.tgz. Extracting by manifest.
199 silly tarball no local data for defu@https://registry.npmjs.org/defu/-/defu-6.1.4.tgz. Extracting by manifest.
200 silly tarball no local data for deepmerge-ts@https://registry.npmjs.org/deepmerge-ts/-/deepmerge-ts-7.1.5.tgz. Extracting by manifest.
201 silly tarball no local data for cross-env@https://registry.npmjs.org/cross-env/-/cross-env-10.1.0.tgz. Extracting by manifest.
202 silly tarball no local data for debug@https://registry.npmjs.org/debug/-/debug-4.4.3.tgz. Extracting by manifest.
203 silly tarball no local data for cross-spawn@https://registry.npmjs.org/cross-spawn/-/cross-spawn-7.0.6.tgz. Extracting by manifest.
204 silly tarball no local data for cookie-signature@https://registry.npmjs.org/cookie-signature/-/cookie-signature-1.2.2.tgz. Extracting by manifest.
205 silly tarball no local data for cookie@https://registry.npmjs.org/cookie/-/cookie-0.7.2.tgz. Extracting by manifest.
206 silly tarball no local data for content-type@https://registry.npmjs.org/content-type/-/content-type-1.0.5.tgz. Extracting by manifest.
207 silly tarball no local data for create-require@https://registry.npmjs.org/create-require/-/create-require-1.1.1.tgz. Extracting by manifest.
208 silly tarball no local data for content-disposition@https://registry.npmjs.org/content-disposition/-/content-disposition-1.0.0.tgz. Extracting by manifest.
209 silly tarball no local data for consola@https://registry.npmjs.org/consola/-/consola-3.4.2.tgz. Extracting by manifest.
210 silly tarball no local data for concat-map@https://registry.npmjs.org/concat-map/-/concat-map-0.0.1.tgz. Extracting by manifest.
211 silly tarball no local data for confbox@https://registry.npmjs.org/confbox/-/confbox-0.2.2.tgz. Extracting by manifest.
212 silly tarball no local data for commander@https://registry.npmjs.org/commander/-/commander-6.2.0.tgz. Extracting by manifest.
213 silly tarball no local data for citty@https://registry.npmjs.org/citty/-/citty-0.1.6.tgz. Extracting by manifest.
214 silly tarball no local data for call-me-maybe@https://registry.npmjs.org/call-me-maybe/-/call-me-maybe-1.0.2.tgz. Extracting by manifest.
215 silly tarball no local data for chokidar@https://registry.npmjs.org/chokidar/-/chokidar-3.6.0.tgz. Extracting by manifest.
216 silly tarball no local data for call-bound@https://registry.npmjs.org/call-bound/-/call-bound-1.0.4.tgz. Extracting by manifest.
217 silly tarball no local data for call-bind-apply-helpers@https://registry.npmjs.org/call-bind-apply-helpers/-/call-bind-apply-helpers-1.0.2.tgz. Extracting by manifest.
218 silly tarball no local data for c12@https://registry.npmjs.org/c12/-/c12-3.1.0.tgz. Extracting by manifest.
219 silly tarball no local data for bytes@https://registry.npmjs.org/bytes/-/bytes-3.1.2.tgz. Extracting by manifest.
220 silly tarball no local data for braces@https://registry.npmjs.org/braces/-/braces-3.0.3.tgz. Extracting by manifest.
221 silly tarball no local data for brace-expansion@https://registry.npmjs.org/brace-expansion/-/brace-expansion-1.1.12.tgz. Extracting by manifest.
222 silly tarball no local data for body-parser@https://registry.npmjs.org/body-parser/-/body-parser-2.2.0.tgz. Extracting by manifest.
223 silly tarball no local data for binary-extensions@https://registry.npmjs.org/binary-extensions/-/binary-extensions-2.3.0.tgz. Extracting by manifest.
224 silly tarball no local data for argon2@https://registry.npmjs.org/argon2/-/argon2-0.44.0.tgz. Extracting by manifest.
225 silly tarball no local data for argparse@https://registry.npmjs.org/argparse/-/argparse-2.0.1.tgz. Extracting by manifest.
226 silly tarball no local data for balanced-match@https://registry.npmjs.org/balanced-match/-/balanced-match-1.0.2.tgz. Extracting by manifest.
227 silly tarball no local data for arg@https://registry.npmjs.org/arg/-/arg-4.1.3.tgz. Extracting by manifest.
228 silly tarball no local data for anymatch@https://registry.npmjs.org/anymatch/-/anymatch-3.1.3.tgz. Extracting by manifest.
229 silly tarball no local data for acorn@https://registry.npmjs.org/acorn/-/acorn-8.15.0.tgz. Extracting by manifest.
230 silly tarball no local data for acorn-walk@https://registry.npmjs.org/acorn-walk/-/acorn-walk-8.3.4.tgz. Extracting by manifest.
231 silly tarball no local data for accepts@https://registry.npmjs.org/accepts/-/accepts-2.0.0.tgz. Extracting by manifest.
232 silly tarball no local data for @types/swagger-ui-express@https://registry.npmjs.org/@types/swagger-ui-express/-/swagger-ui-express-4.1.8.tgz. Extracting by manifest.
233 silly tarball no local data for @types/serve-static@https://registry.npmjs.org/@types/serve-static/-/serve-static-1.15.8.tgz. Extracting by manifest.
234 silly tarball no local data for @types/send@https://registry.npmjs.org/@types/send/-/send-0.17.5.tgz. Extracting by manifest.
235 silly tarball no local data for @types/swagger-jsdoc@https://registry.npmjs.org/@types/swagger-jsdoc/-/swagger-jsdoc-6.0.4.tgz. Extracting by manifest.
236 silly tarball no local data for @types/range-parser@https://registry.npmjs.org/@types/range-parser/-/range-parser-1.2.7.tgz. Extracting by manifest.
237 silly tarball no local data for @types/qs@https://registry.npmjs.org/@types/qs/-/qs-6.14.0.tgz. Extracting by manifest.
238 silly tarball no local data for @types/mime@https://registry.npmjs.org/@types/mime/-/mime-1.3.5.tgz. Extracting by manifest.
239 silly tarball no local data for @types/json-schema@https://registry.npmjs.org/@types/json-schema/-/json-schema-7.0.15.tgz. Extracting by manifest.
240 silly tarball no local data for @types/node@https://registry.npmjs.org/@types/node/-/node-24.6.0.tgz. Extracting by manifest.
241 silly tarball no local data for @types/http-errors@https://registry.npmjs.org/@types/http-errors/-/http-errors-2.0.5.tgz. Extracting by manifest.
242 silly tarball no local data for @types/express-serve-static-core@https://registry.npmjs.org/@types/express-serve-static-core/-/express-serve-static-core-5.0.7.tgz. Extracting by manifest.
243 silly tarball no local data for @types/express@https://registry.npmjs.org/@types/express/-/express-5.0.3.tgz. Extracting by manifest.
244 silly tarball no local data for @types/connect@https://registry.npmjs.org/@types/connect/-/connect-3.4.38.tgz. Extracting by manifest.
245 silly tarball no local data for @types/body-parser@https://registry.npmjs.org/@types/body-parser/-/body-parser-1.19.6.tgz. Extracting by manifest.
246 silly tarball no local data for @tsconfig/node16@https://registry.npmjs.org/@tsconfig/node16/-/node16-1.0.4.tgz. Extracting by manifest.
247 silly tarball no local data for @tsconfig/node14@https://registry.npmjs.org/@tsconfig/node14/-/node14-1.0.3.tgz. Extracting by manifest.
248 silly tarball no local data for @tsconfig/node12@https://registry.npmjs.org/@tsconfig/node12/-/node12-1.0.11.tgz. Extracting by manifest.
249 silly tarball no local data for @standard-schema/spec@https://registry.npmjs.org/@standard-schema/spec/-/spec-1.0.0.tgz. Extracting by manifest.
250 silly tarball no local data for @tsconfig/node10@https://registry.npmjs.org/@tsconfig/node10/-/node10-1.0.11.tgz. Extracting by manifest.
251 silly tarball no local data for @scarf/scarf@https://registry.npmjs.org/@scarf/scarf/-/scarf-1.4.0.tgz. Extracting by manifest.
252 silly tarball no local data for @prisma/get-platform@https://registry.npmjs.org/@prisma/get-platform/-/get-platform-6.16.3.tgz. Extracting by manifest.
253 silly tarball no local data for @prisma/engines-version@https://registry.npmjs.org/@prisma/engines-version/-/engines-version-6.16.1-1.bb420e667c1820a8c05a38023385f6cc7ef8e83a.tgz. Extracting by manifest.
254 silly tarball no local data for @prisma/engines@https://registry.npmjs.org/@prisma/engines/-/engines-6.16.3.tgz. Extracting by manifest.
255 silly tarball no local data for @prisma/fetch-engine@https://registry.npmjs.org/@prisma/fetch-engine/-/fetch-engine-6.16.3.tgz. Extracting by manifest.
256 silly tarball no local data for @prisma/debug@https://registry.npmjs.org/@prisma/debug/-/debug-6.16.3.tgz. Extracting by manifest.
257 silly tarball no local data for @prisma/config@https://registry.npmjs.org/@prisma/config/-/config-6.16.3.tgz. Extracting by manifest.
258 silly tarball no local data for @prisma/client@https://registry.npmjs.org/@prisma/client/-/client-6.16.3.tgz. Extracting by manifest.
259 silly tarball no local data for @phc/format@https://registry.npmjs.org/@phc/format/-/format-1.0.0.tgz. Extracting by manifest.
260 silly tarball no local data for @jsdevtools/ono@https://registry.npmjs.org/@jsdevtools/ono/-/ono-7.1.3.tgz. Extracting by manifest.
261 silly tarball no local data for @jridgewell/sourcemap-codec@https://registry.npmjs.org/@jridgewell/sourcemap-codec/-/sourcemap-codec-1.5.5.tgz. Extracting by manifest.
262 silly tarball no local data for @jridgewell/resolve-uri@https://registry.npmjs.org/@jridgewell/resolve-uri/-/resolve-uri-3.1.2.tgz. Extracting by manifest.
263 silly tarball no local data for @jridgewell/trace-mapping@https://registry.npmjs.org/@jridgewell/trace-mapping/-/trace-mapping-0.3.9.tgz. Extracting by manifest.
264 silly tarball no local data for @esbuild/linux-x64@https://registry.npmjs.org/@esbuild/linux-x64/-/linux-x64-0.25.10.tgz. Extracting by manifest.
265 silly tarball no local data for @epic-web/invariant@https://registry.npmjs.org/@epic-web/invariant/-/invariant-1.0.0.tgz. Extracting by manifest.
266 silly tarball no local data for @cspotcode/source-map-support@https://registry.npmjs.org/@cspotcode/source-map-support/-/source-map-support-0.8.1.tgz. Extracting by manifest.
267 silly tarball no local data for @apidevtools/swagger-methods@https://registry.npmjs.org/@apidevtools/swagger-methods/-/swagger-methods-3.0.2.tgz. Extracting by manifest.
268 silly tarball no local data for @apidevtools/swagger-parser@https://registry.npmjs.org/@apidevtools/swagger-parser/-/swagger-parser-10.0.3.tgz. Extracting by manifest.
269 silly tarball no local data for @apidevtools/openapi-schemas@https://registry.npmjs.org/@apidevtools/openapi-schemas/-/openapi-schemas-2.1.0.tgz. Extracting by manifest.
270 silly tarball no local data for @apidevtools/json-schema-ref-parser@https://registry.npmjs.org/@apidevtools/json-schema-ref-parser/-/json-schema-ref-parser-9.1.2.tgz. Extracting by manifest.
271 silly tarball no local data for commander@https://registry.npmjs.org/commander/-/commander-9.5.0.tgz. Extracting by manifest.
272 silly tarball no local data for statuses@https://registry.npmjs.org/statuses/-/statuses-2.0.1.tgz. Extracting by manifest.
273 silly tarball no local data for readdirp@https://registry.npmjs.org/readdirp/-/readdirp-4.1.2.tgz. Extracting by manifest.
274 silly tarball no local data for iconv-lite@https://registry.npmjs.org/iconv-lite/-/iconv-lite-0.7.0.tgz. Extracting by manifest.
275 silly tarball no local data for dotenv@https://registry.npmjs.org/dotenv/-/dotenv-16.6.1.tgz. Extracting by manifest.
276 silly tarball no local data for chokidar@https://registry.npmjs.org/chokidar/-/chokidar-4.0.3.tgz. Extracting by manifest.
277 http fetch GET 200 https://registry.npmjs.org/wrappy/-/wrappy-1.0.2.tgz 1102ms (cache miss)
278 http fetch GET 200 https://registry.npmjs.org/yn/-/yn-3.1.1.tgz 1102ms (cache miss)
279 http fetch GET 200 https://registry.npmjs.org/v8-compile-cache-lib/-/v8-compile-cache-lib-3.0.1.tgz 1102ms (cache miss)
280 http fetch GET 200 https://registry.npmjs.org/vary/-/vary-1.1.2.tgz 1108ms (cache miss)
281 http fetch GET 200 https://registry.npmjs.org/unpipe/-/unpipe-1.0.0.tgz 1329ms (cache miss)
282 http fetch GET 200 https://registry.npmjs.org/touch/-/touch-3.1.1.tgz 1328ms (cache miss)
283 http fetch GET 200 https://registry.npmjs.org/type-is/-/type-is-2.0.1.tgz 1331ms (cache miss)
284 http fetch GET 200 https://registry.npmjs.org/tinyexec/-/tinyexec-1.0.1.tgz 1330ms (cache miss)
285 http fetch GET 200 https://registry.npmjs.org/which/-/which-2.0.2.tgz 1379ms (cache miss)
286 http fetch GET 200 https://registry.npmjs.org/undici-types/-/undici-types-7.13.0.tgz 1405ms (cache miss)
287 http fetch GET 200 https://registry.npmjs.org/undefsafe/-/undefsafe-2.0.5.tgz 1441ms (cache miss)
288 http fetch GET 200 https://registry.npmjs.org/yaml/-/yaml-2.0.0-1.tgz 1445ms (cache miss)
289 http fetch POST 200 https://registry.npmjs.org/-/npm/v1/security/advisories/bulk 1610ms
290 silly audit report {
290 silly audit report   validator: [
290 silly audit report     {
290 silly audit report       id: 1108959,
290 silly audit report       url: 'https://github.com/advisories/GHSA-9965-vmph-33xx',
290 silly audit report       title: 'validator.js has a URL validation bypass vulnerability in its isURL function',
290 silly audit report       severity: 'moderate',
290 silly audit report       vulnerable_versions: '<=13.15.15',
290 silly audit report       cwe: [Array],
290 silly audit report       cvss: [Object]
290 silly audit report     }
290 silly audit report   ]
290 silly audit report }
291 silly packumentCache corgi:https://registry.npmjs.org/validator cache-miss
292 http fetch GET 200 https://registry.npmjs.org/swagger-ui-express/-/swagger-ui-express-5.0.1.tgz 1541ms (cache miss)
293 http fetch GET 200 https://registry.npmjs.org/to-regex-range/-/to-regex-range-5.0.1.tgz 1569ms (cache miss)
294 http fetch GET 200 https://registry.npmjs.org/swagger-parser/-/swagger-parser-10.0.3.tgz 1577ms (cache miss)
295 http fetch GET 200 https://registry.npmjs.org/toidentifier/-/toidentifier-1.0.1.tgz 1636ms (cache miss)
296 http fetch GET 200 https://registry.npmjs.org/supports-color/-/supports-color-5.5.0.tgz 1665ms (cache miss)
297 http fetch GET 200 https://registry.npmjs.org/statuses/-/statuses-2.0.2.tgz 1665ms (cache miss)
298 http fetch GET 200 https://registry.npmjs.org/validator/-/validator-13.15.15.tgz 1683ms (cache miss)
299 http fetch GET 200 https://registry.npmjs.org/tsx/-/tsx-4.20.6.tgz 1744ms (cache miss)
300 http fetch GET 200 https://registry.npmjs.org/side-channel-map/-/side-channel-map-1.0.1.tgz 1739ms (cache miss)
301 http fetch GET 200 https://registry.npmjs.org/side-channel-weakmap/-/side-channel-weakmap-1.0.2.tgz 1739ms (cache miss)
302 http fetch GET 200 https://registry.npmjs.org/shebang-command/-/shebang-command-2.0.0.tgz 1859ms (cache miss)
303 http fetch GET 200 https://registry.npmjs.org/side-channel-list/-/side-channel-list-1.0.0.tgz 1863ms (cache miss)
304 http fetch GET 200 https://registry.npmjs.org/simple-update-notifier/-/simple-update-notifier-2.0.0.tgz 1864ms (cache miss)
305 http fetch GET 200 https://registry.npmjs.org/ts-node/-/ts-node-10.9.2.tgz 1875ms (cache miss)
306 http fetch GET 200 https://registry.npmjs.org/setprototypeof/-/setprototypeof-1.2.0.tgz 1967ms (cache miss)
307 http fetch GET 200 https://registry.npmjs.org/serve-static/-/serve-static-2.2.0.tgz 1987ms (cache miss)
308 http fetch GET 200 https://registry.npmjs.org/shebang-regex/-/shebang-regex-3.0.0.tgz 1989ms (cache miss)
309 http fetch GET 200 https://registry.npmjs.org/side-channel/-/side-channel-1.1.0.tgz 1988ms (cache miss)
310 http fetch GET 200 https://registry.npmjs.org/send/-/send-1.2.0.tgz 1990ms (cache miss)
311 http fetch GET 200 https://registry.npmjs.org/router/-/router-2.2.0.tgz 1992ms (cache miss)
312 http fetch GET 200 https://registry.npmjs.org/safer-buffer/-/safer-buffer-2.1.2.tgz 2000ms (cache miss)
313 http fetch GET 200 https://registry.npmjs.org/safe-buffer/-/safe-buffer-5.2.1.tgz 2000ms (cache miss)
314 http fetch GET 200 https://registry.npmjs.org/readdirp/-/readdirp-3.6.0.tgz 2009ms (cache miss)
315 http fetch GET 200 https://registry.npmjs.org/zod/-/zod-4.1.11.tgz 2132ms (cache miss)
316 http fetch GET 200 https://registry.npmjs.org/rc9/-/rc9-2.1.2.tgz 2113ms (cache miss)
317 http fetch GET 200 https://registry.npmjs.org/resolve-pkg-maps/-/resolve-pkg-maps-1.0.0.tgz 2112ms (cache miss)
318 http fetch GET 200 https://registry.npmjs.org/semver/-/semver-7.7.2.tgz 2116ms (cache miss)
319 http fetch GET 200 https://registry.npmjs.org/range-parser/-/range-parser-1.2.1.tgz 2121ms (cache miss)
320 http fetch GET 200 https://registry.npmjs.org/raw-body/-/raw-body-3.0.1.tgz 2165ms (cache miss)
321 http fetch GET 200 https://registry.npmjs.org/proxy-addr/-/proxy-addr-2.0.7.tgz 2157ms (cache miss)
322 http fetch GET 200 https://registry.npmjs.org/z-schema/-/z-schema-5.0.5.tgz 2196ms (cache miss)
323 http fetch GET 200 https://registry.npmjs.org/pkg-types/-/pkg-types-2.3.0.tgz 2169ms (cache miss)
324 http fetch GET 200 https://registry.npmjs.org/pure-rand/-/pure-rand-6.1.0.tgz 2177ms (cache miss)
325 http fetch GET 200 https://registry.npmjs.org/pstree.remy/-/pstree.remy-1.1.8.tgz 2176ms (cache miss)
326 http fetch GET 200 https://registry.npmjs.org/picomatch/-/picomatch-2.3.1.tgz 2250ms (cache miss)
327 http fetch GET 200 https://registry.npmjs.org/perfect-debounce/-/perfect-debounce-1.0.0.tgz 2250ms (cache miss)
328 http fetch GET 200 https://registry.npmjs.org/pathe/-/pathe-2.0.3.tgz 2251ms (cache miss)
329 http fetch GET 200 https://registry.npmjs.org/path-to-regexp/-/path-to-regexp-8.3.0.tgz 2269ms (cache miss)
330 http fetch GET 200 https://registry.npmjs.org/qs/-/qs-6.14.0.tgz 2438ms (cache miss)
331 http fetch GET 200 https://registry.npmjs.org/swagger-jsdoc/-/swagger-jsdoc-6.2.8.tgz 2474ms (cache miss)
332 http fetch GET 200 https://registry.npmjs.org/path-is-absolute/-/path-is-absolute-1.0.1.tgz 2529ms (cache miss)
333 http fetch GET 200 https://registry.npmjs.org/parseurl/-/parseurl-1.3.3.tgz 2549ms (cache miss)
334 http fetch GET 200 https://registry.npmjs.org/nypm/-/nypm-0.6.2.tgz 2577ms (cache miss)
335 http fetch GET 200 https://registry.npmjs.org/once/-/once-1.4.0.tgz 2583ms (cache miss)
336 http fetch GET 200 https://registry.npmjs.org/path-key/-/path-key-3.1.1.tgz 2588ms (cache miss)
337 http fetch GET 200 https://registry.npmjs.org/ohash/-/ohash-2.0.11.tgz 2586ms (cache miss)
338 http fetch GET 200 https://registry.npmjs.org/on-finished/-/on-finished-2.4.1.tgz 2589ms (cache miss)
339 http fetch GET 200 https://registry.npmjs.org/object-inspect/-/object-inspect-1.13.4.tgz 2629ms (cache miss)
340 http fetch GET 200 https://registry.npmjs.org/normalize-path/-/normalize-path-3.0.0.tgz 2678ms (cache miss)
341 http fetch GET 200 https://registry.npmjs.org/node-gyp-build/-/node-gyp-build-4.8.4.tgz 2791ms (cache miss)
342 http fetch GET 200 https://registry.npmjs.org/nodemon/-/nodemon-3.1.10.tgz 2841ms (cache miss)
343 http fetch GET 200 https://registry.npmjs.org/merge-descriptors/-/merge-descriptors-2.0.0.tgz 2894ms (cache miss)
344 http fetch GET 200 https://registry.npmjs.org/ms/-/ms-2.1.3.tgz 2903ms (cache miss)
345 http fetch GET 200 https://registry.npmjs.org/negotiator/-/negotiator-1.0.0.tgz 2906ms (cache miss)
346 http fetch GET 200 https://registry.npmjs.org/mime-types/-/mime-types-3.0.1.tgz 2901ms (cache miss)
347 http fetch GET 200 https://registry.npmjs.org/minimatch/-/minimatch-3.1.2.tgz 2931ms (cache miss)
348 http fetch GET 200 https://registry.npmjs.org/mime-db/-/mime-db-1.54.0.tgz 2931ms (cache miss)
349 http fetch GET 200 https://registry.npmjs.org/node-addon-api/-/node-addon-api-8.5.0.tgz 3153ms (cache miss)
350 http fetch GET 200 https://registry.npmjs.org/math-intrinsics/-/math-intrinsics-1.1.0.tgz 3184ms (cache miss)
351 http fetch GET 200 https://registry.npmjs.org/lodash.mergewith/-/lodash.mergewith-4.6.2.tgz 3198ms (cache miss)
352 http fetch GET 200 https://registry.npmjs.org/lodash.isequal/-/lodash.isequal-4.5.0.tgz 3201ms (cache miss)
353 warn deprecated lodash.isequal@4.5.0: This package is deprecated. Use require('node:util').isDeepStrictEqual instead.
354 http fetch GET 200 https://registry.npmjs.org/lodash.get/-/lodash.get-4.4.2.tgz 3232ms (cache miss)
355 warn deprecated lodash.get@4.4.2: This package is deprecated. Use the optional chaining (?.) operator instead.
356 http fetch GET 200 https://registry.npmjs.org/make-error/-/make-error-1.3.6.tgz 3233ms (cache miss)
357 http fetch GET 200 https://registry.npmjs.org/is-number/-/is-number-7.0.0.tgz 3410ms (cache miss)
358 http fetch GET 200 https://registry.npmjs.org/js-yaml/-/js-yaml-4.1.0.tgz 3458ms (cache miss)
359 http fetch GET 200 https://registry.npmjs.org/is-glob/-/is-glob-4.0.3.tgz 3474ms (cache miss)
360 http fetch GET 200 https://registry.npmjs.org/is-binary-path/-/is-binary-path-2.1.0.tgz 3473ms (cache miss)
361 http fetch GET 200 https://registry.npmjs.org/isexe/-/isexe-2.0.0.tgz 3477ms (cache miss)
362 http fetch GET 200 https://registry.npmjs.org/is-extglob/-/is-extglob-2.1.1.tgz 3478ms (cache miss)
363 http fetch GET 200 https://registry.npmjs.org/ipaddr.js/-/ipaddr.js-1.9.1.tgz 3477ms (cache miss)
364 http fetch GET 200 https://registry.npmjs.org/media-typer/-/media-typer-1.1.0.tgz 3569ms (cache miss)
365 http fetch GET 200 https://registry.npmjs.org/jiti/-/jiti-2.6.0.tgz 3613ms (cache miss)
366 http fetch GET 200 https://registry.npmjs.org/inherits/-/inherits-2.0.4.tgz 3669ms (cache miss)
367 http fetch GET 200 https://registry.npmjs.org/http-errors/-/http-errors-2.0.0.tgz 3745ms (cache miss)
368 http fetch GET 200 https://registry.npmjs.org/ignore-by-default/-/ignore-by-default-1.0.1.tgz 3746ms (cache miss)
369 http fetch GET 200 https://registry.npmjs.org/hasown/-/hasown-2.0.2.tgz 3746ms (cache miss)
370 http fetch GET 200 https://registry.npmjs.org/inflight/-/inflight-1.0.6.tgz 3747ms (cache miss)
371 warn deprecated inflight@1.0.6: This module is not supported, and leaks memory. Do not use it. Check out lru-cache if you want a good and tested way to coalesce async requests by a key value, which is much more comprehensive and powerful.
372 http fetch GET 200 https://registry.npmjs.org/has-symbols/-/has-symbols-1.1.0.tgz 3745ms (cache miss)
373 http fetch GET 200 https://registry.npmjs.org/iconv-lite/-/iconv-lite-0.6.3.tgz 3757ms (cache miss)
374 http fetch GET 200 https://registry.npmjs.org/has-flag/-/has-flag-3.0.0.tgz 3860ms (cache miss)
375 http fetch GET 200 https://registry.npmjs.org/glob-parent/-/glob-parent-5.1.2.tgz 3862ms (cache miss)
376 http fetch GET 200 https://registry.npmjs.org/gopd/-/gopd-1.2.0.tgz 3972ms (cache miss)
377 http fetch GET 200 https://registry.npmjs.org/node-fetch-native/-/node-fetch-native-1.6.7.tgz 4014ms (cache miss)
378 http fetch GET 200 https://registry.npmjs.org/glob/-/glob-7.1.6.tgz 4031ms (cache miss)
379 warn deprecated glob@7.1.6: Glob versions prior to v9 are no longer supported
380 http fetch GET 200 https://registry.npmjs.org/giget/-/giget-2.0.0.tgz 4039ms (cache miss)
381 http fetch GET 200 https://registry.npmjs.org/is-promise/-/is-promise-4.0.0.tgz 4047ms (cache miss)
382 http fetch GET 200 https://registry.npmjs.org/get-proto/-/get-proto-1.0.1.tgz 4057ms (cache miss)
383 http fetch GET 200 https://registry.npmjs.org/function-bind/-/function-bind-1.1.2.tgz 4059ms (cache miss)
384 http fetch GET 200 https://registry.npmjs.org/get-intrinsic/-/get-intrinsic-1.3.0.tgz 4063ms (cache miss)
385 http fetch GET 200 https://registry.npmjs.org/fs.realpath/-/fs.realpath-1.0.0.tgz 4063ms (cache miss)
386 http fetch GET 200 https://registry.npmjs.org/get-tsconfig/-/get-tsconfig-4.10.1.tgz 4072ms (cache miss)
387 http fetch GET 200 https://registry.npmjs.org/fresh/-/fresh-2.0.0.tgz 4157ms (cache miss)
388 http fetch GET 200 https://registry.npmjs.org/forwarded/-/forwarded-0.2.0.tgz 4329ms (cache miss)
389 http fetch GET 200 https://registry.npmjs.org/fill-range/-/fill-range-7.1.1.tgz 4328ms (cache miss)
390 http fetch GET 200 https://registry.npmjs.org/finalhandler/-/finalhandler-2.1.0.tgz 4343ms (cache miss)
391 http fetch GET 200 https://registry.npmjs.org/express/-/express-5.1.0.tgz 4342ms (cache miss)
392 http fetch GET 200 https://registry.npmjs.org/openapi-types/-/openapi-types-12.1.3.tgz 4379ms (cache miss)
393 http fetch GET 200 https://registry.npmjs.org/exsolve/-/exsolve-1.0.7.tgz 4378ms (cache miss)
394 http fetch GET 200 https://registry.npmjs.org/etag/-/etag-1.8.1.tgz 4376ms (cache miss)
395 http fetch GET 200 https://registry.npmjs.org/escape-html/-/escape-html-1.0.3.tgz 4378ms (cache miss)
396 http fetch GET 200 https://registry.npmjs.org/esutils/-/esutils-2.0.3.tgz 4378ms (cache miss)
397 http fetch GET 200 https://registry.npmjs.org/es-object-atoms/-/es-object-atoms-1.1.1.tgz 4377ms (cache miss)
398 http fetch GET 200 https://registry.npmjs.org/esbuild/-/esbuild-0.25.10.tgz 4535ms (cache miss)
399 http fetch GET 200 https://registry.npmjs.org/swagger-ui-dist/-/swagger-ui-dist-5.29.1.tgz 4631ms (cache miss)
400 http fetch GET 200 https://registry.npmjs.org/es-define-property/-/es-define-property-1.0.1.tgz 4636ms (cache miss)
401 http fetch GET 200 https://registry.npmjs.org/encodeurl/-/encodeurl-2.0.0.tgz 4642ms (cache miss)
402 http fetch GET 200 https://registry.npmjs.org/ee-first/-/ee-first-1.1.1.tgz 4641ms (cache miss)
403 http fetch GET 200 https://registry.npmjs.org/empathic/-/empathic-2.0.0.tgz 4656ms (cache miss)
404 http fetch GET 200 https://registry.npmjs.org/es-errors/-/es-errors-1.3.0.tgz 4662ms (cache miss)
405 http fetch GET 200 https://registry.npmjs.org/dotenv/-/dotenv-17.2.3.tgz 4660ms (cache miss)
406 http fetch GET 200 https://registry.npmjs.org/dunder-proto/-/dunder-proto-1.0.1.tgz 4702ms (cache miss)
407 http fetch GET 200 https://registry.npmjs.org/doctrine/-/doctrine-3.0.0.tgz 4702ms (cache miss)
408 http fetch GET 200 https://registry.npmjs.org/destr/-/destr-2.0.5.tgz 4784ms (cache miss)
409 http fetch GET 200 https://registry.npmjs.org/depd/-/depd-2.0.0.tgz 4864ms (cache miss)
410 http fetch GET 200 https://registry.npmjs.org/deepmerge-ts/-/deepmerge-ts-7.1.5.tgz 4927ms (cache miss)
411 http fetch GET 200 https://registry.npmjs.org/cross-env/-/cross-env-10.1.0.tgz 4934ms (cache miss)
412 http fetch GET 200 https://registry.npmjs.org/fast-check/-/fast-check-3.23.2.tgz 4951ms (cache miss)
413 http fetch GET 200 https://registry.npmjs.org/debug/-/debug-4.4.3.tgz 4937ms (cache miss)
414 http fetch GET 200 https://registry.npmjs.org/cookie-signature/-/cookie-signature-1.2.2.tgz 4995ms (cache miss)
415 http fetch GET 200 https://registry.npmjs.org/defu/-/defu-6.1.4.tgz 5001ms (cache miss)
416 http fetch GET 200 https://registry.npmjs.org/cross-spawn/-/cross-spawn-7.0.6.tgz 5004ms (cache miss)
417 http fetch GET 200 https://registry.npmjs.org/content-type/-/content-type-1.0.5.tgz 5042ms (cache miss)
418 http fetch GET 200 https://registry.npmjs.org/diff/-/diff-4.0.2.tgz 5054ms (cache miss)
419 http fetch GET 200 https://registry.npmjs.org/cookie/-/cookie-0.7.2.tgz 5057ms (cache miss)
420 http fetch GET 200 https://registry.npmjs.org/create-require/-/create-require-1.1.1.tgz 5053ms (cache miss)
421 http fetch GET 200 https://registry.npmjs.org/content-disposition/-/content-disposition-1.0.0.tgz 5108ms (cache miss)
422 http fetch GET 200 https://registry.npmjs.org/concat-map/-/concat-map-0.0.1.tgz 5160ms (cache miss)
423 http fetch GET 200 https://registry.npmjs.org/consola/-/consola-3.4.2.tgz 5164ms (cache miss)
424 http fetch GET 200 https://registry.npmjs.org/commander/-/commander-6.2.0.tgz 5222ms (cache miss)
425 http fetch GET 200 https://registry.npmjs.org/confbox/-/confbox-0.2.2.tgz 5228ms (cache miss)
426 http fetch GET 200 https://registry.npmjs.org/citty/-/citty-0.1.6.tgz 5249ms (cache miss)
427 http fetch GET 200 https://registry.npmjs.org/call-me-maybe/-/call-me-maybe-1.0.2.tgz 5271ms (cache miss)
428 http fetch GET 200 https://registry.npmjs.org/call-bound/-/call-bound-1.0.4.tgz 5276ms (cache miss)
429 http fetch GET 200 https://registry.npmjs.org/bytes/-/bytes-3.1.2.tgz 5337ms (cache miss)
430 http fetch GET 200 https://registry.npmjs.org/call-bind-apply-helpers/-/call-bind-apply-helpers-1.0.2.tgz 5365ms (cache miss)
431 http fetch GET 200 https://registry.npmjs.org/c12/-/c12-3.1.0.tgz 5365ms (cache miss)
432 http fetch GET 200 https://registry.npmjs.org/brace-expansion/-/brace-expansion-1.1.12.tgz 5438ms (cache miss)
433 http fetch GET 200 https://registry.npmjs.org/body-parser/-/body-parser-2.2.0.tgz 5443ms (cache miss)
434 http fetch GET 200 https://registry.npmjs.org/binary-extensions/-/binary-extensions-2.3.0.tgz 5476ms (cache miss)
435 http fetch GET 200 https://registry.npmjs.org/chokidar/-/chokidar-3.6.0.tgz 5480ms (cache miss)
436 http fetch GET 200 https://registry.npmjs.org/balanced-match/-/balanced-match-1.0.2.tgz 5551ms (cache miss)
437 http fetch GET 200 https://registry.npmjs.org/arg/-/arg-4.1.3.tgz 5551ms (cache miss)
438 http fetch GET 200 https://registry.npmjs.org/argparse/-/argparse-2.0.1.tgz 5568ms (cache miss)
439 http fetch GET 200 https://registry.npmjs.org/braces/-/braces-3.0.3.tgz 5685ms (cache miss)
440 http fetch GET 200 https://registry.npmjs.org/typescript/-/typescript-5.9.2.tgz 5862ms (cache miss)
441 http fetch GET 200 https://registry.npmjs.org/acorn-walk/-/acorn-walk-8.3.4.tgz 5782ms (cache miss)
442 http fetch GET 200 https://registry.npmjs.org/anymatch/-/anymatch-3.1.3.tgz 5821ms (cache miss)
443 http fetch GET 200 https://registry.npmjs.org/@types/serve-static/-/serve-static-1.15.8.tgz 5831ms (cache miss)
444 http fetch GET 200 https://registry.npmjs.org/accepts/-/accepts-2.0.0.tgz 5836ms (cache miss)
445 http fetch GET 200 https://registry.npmjs.org/@types/qs/-/qs-6.14.0.tgz 5832ms (cache miss)
446 http fetch GET 200 https://registry.npmjs.org/@types/send/-/send-0.17.5.tgz 5851ms (cache miss)
447 http fetch GET 200 https://registry.npmjs.org/@types/range-parser/-/range-parser-1.2.7.tgz 5850ms (cache miss)
448 http fetch GET 200 https://registry.npmjs.org/@types/swagger-jsdoc/-/swagger-jsdoc-6.0.4.tgz 5854ms (cache miss)
449 http fetch GET 200 https://registry.npmjs.org/@types/swagger-ui-express/-/swagger-ui-express-4.1.8.tgz 5862ms (cache miss)
450 http fetch GET 200 https://registry.npmjs.org/@types/mime/-/mime-1.3.5.tgz 5922ms (cache miss)
451 http fetch GET 200 https://registry.npmjs.org/argon2/-/argon2-0.44.0.tgz 5980ms (cache miss)
452 http fetch GET 200 https://registry.npmjs.org/@types/json-schema/-/json-schema-7.0.15.tgz 5989ms (cache miss)
453 http fetch GET 200 https://registry.npmjs.org/acorn/-/acorn-8.15.0.tgz 6190ms (cache miss)
454 http fetch GET 200 https://registry.npmjs.org/@types/express-serve-static-core/-/express-serve-static-core-5.0.7.tgz 6257ms (cache miss)
455 http fetch GET 200 https://registry.npmjs.org/@types/express/-/express-5.0.3.tgz 6257ms (cache miss)
456 http fetch GET 200 https://registry.npmjs.org/@types/connect/-/connect-3.4.38.tgz 6257ms (cache miss)
457 http fetch GET 200 https://registry.npmjs.org/@types/http-errors/-/http-errors-2.0.5.tgz 6265ms (cache miss)
458 http fetch GET 200 https://registry.npmjs.org/@scarf/scarf/-/scarf-1.4.0.tgz 6262ms (cache miss)
459 http fetch GET 200 https://registry.npmjs.org/@tsconfig/node12/-/node12-1.0.11.tgz 6263ms (cache miss)
460 http fetch GET 200 https://registry.npmjs.org/@tsconfig/node14/-/node14-1.0.3.tgz 6271ms (cache miss)
461 http fetch GET 200 https://registry.npmjs.org/@standard-schema/spec/-/spec-1.0.0.tgz 6270ms (cache miss)
462 http fetch GET 200 https://registry.npmjs.org/@tsconfig/node16/-/node16-1.0.4.tgz 6273ms (cache miss)
463 http fetch GET 200 https://registry.npmjs.org/@types/body-parser/-/body-parser-1.19.6.tgz 6388ms (cache miss)
464 http fetch GET 200 https://registry.npmjs.org/@tsconfig/node10/-/node10-1.0.11.tgz 6393ms (cache miss)
465 http fetch GET 200 https://registry.npmjs.org/@types/node/-/node-24.6.0.tgz 6517ms (cache miss)
466 http fetch GET 200 https://registry.npmjs.org/@prisma/config/-/config-6.16.3.tgz 6562ms (cache miss)
467 http fetch GET 200 https://registry.npmjs.org/@jridgewell/sourcemap-codec/-/sourcemap-codec-1.5.5.tgz 6558ms (cache miss)
468 http fetch GET 200 https://registry.npmjs.org/@jsdevtools/ono/-/ono-7.1.3.tgz 6562ms (cache miss)
469 http fetch GET 200 https://registry.npmjs.org/@prisma/debug/-/debug-6.16.3.tgz 6673ms (cache miss)
470 http fetch GET 200 https://registry.npmjs.org/@jridgewell/trace-mapping/-/trace-mapping-0.3.9.tgz 6668ms (cache miss)
471 http fetch GET 200 https://registry.npmjs.org/@jridgewell/resolve-uri/-/resolve-uri-3.1.2.tgz 6693ms (cache miss)
472 http fetch GET 200 https://registry.npmjs.org/@prisma/engines-version/-/engines-version-6.16.1-1.bb420e667c1820a8c05a38023385f6cc7ef8e83a.tgz 6701ms (cache miss)
473 http fetch GET 200 https://registry.npmjs.org/@phc/format/-/format-1.0.0.tgz 6718ms (cache miss)
474 http fetch GET 200 https://registry.npmjs.org/@prisma/engines/-/engines-6.16.3.tgz 6870ms (cache miss)
475 http fetch GET 200 https://registry.npmjs.org/@apidevtools/swagger-methods/-/swagger-methods-3.0.2.tgz 7057ms (cache miss)
476 http fetch GET 200 https://registry.npmjs.org/statuses/-/statuses-2.0.1.tgz 7060ms (cache miss)
477 http fetch GET 200 https://registry.npmjs.org/@epic-web/invariant/-/invariant-1.0.0.tgz 7096ms (cache miss)
478 http fetch GET 200 https://registry.npmjs.org/@cspotcode/source-map-support/-/source-map-support-0.8.1.tgz 7109ms (cache miss)
479 http fetch GET 200 https://registry.npmjs.org/@apidevtools/json-schema-ref-parser/-/json-schema-ref-parser-9.1.2.tgz 7138ms (cache miss)
480 http fetch GET 200 https://registry.npmjs.org/commander/-/commander-9.5.0.tgz 7157ms (cache miss)
481 http fetch GET 200 https://registry.npmjs.org/@apidevtools/swagger-parser/-/swagger-parser-10.0.3.tgz 7164ms (cache miss)
482 http fetch GET 200 https://registry.npmjs.org/@apidevtools/openapi-schemas/-/openapi-schemas-2.1.0.tgz 7165ms (cache miss)
483 http fetch GET 200 https://registry.npmjs.org/readdirp/-/readdirp-4.1.2.tgz 7177ms (cache miss)
484 http fetch GET 200 https://registry.npmjs.org/@prisma/get-platform/-/get-platform-6.16.3.tgz 7208ms (cache miss)
485 http fetch GET 200 https://registry.npmjs.org/@prisma/fetch-engine/-/fetch-engine-6.16.3.tgz 7332ms (cache miss)
486 http fetch GET 200 https://registry.npmjs.org/dotenv/-/dotenv-16.6.1.tgz 7441ms (cache miss)
487 http fetch GET 200 https://registry.npmjs.org/chokidar/-/chokidar-4.0.3.tgz 7438ms (cache miss)
488 http fetch GET 200 https://registry.npmjs.org/validator 6053ms (cache miss)
489 silly packumentCache corgi:https://registry.npmjs.org/validator set size:undefined disposed:false
490 silly packumentCache corgi:https://registry.npmjs.org/z-schema cache-miss
491 http fetch GET 200 https://registry.npmjs.org/iconv-lite/-/iconv-lite-0.7.0.tgz 7478ms (cache miss)
492 http fetch GET 200 https://registry.npmjs.org/z-schema 304ms (cache miss)
493 silly packumentCache corgi:https://registry.npmjs.org/z-schema set size:undefined disposed:false
494 silly packumentCache corgi:https://registry.npmjs.org/@apidevtools%2fswagger-parser cache-miss
495 http fetch GET 200 https://registry.npmjs.org/@apidevtools%2fswagger-parser 311ms (cache miss)
496 silly packumentCache corgi:https://registry.npmjs.org/@apidevtools%2fswagger-parser set size:undefined disposed:false
497 silly packumentCache corgi:https://registry.npmjs.org/swagger-parser cache-miss
498 http fetch GET 200 https://registry.npmjs.org/swagger-parser 237ms (cache miss)
499 silly packumentCache corgi:https://registry.npmjs.org/swagger-parser set size:undefined disposed:false
500 silly packumentCache corgi:https://registry.npmjs.org/swagger-jsdoc cache-miss
501 http fetch GET 200 https://registry.npmjs.org/swagger-jsdoc 598ms (cache miss)
502 silly packumentCache corgi:https://registry.npmjs.org/swagger-jsdoc set size:undefined disposed:false
503 http fetch GET 200 https://registry.npmjs.org/effect/-/effect-3.16.12.tgz 9104ms (cache miss)
